#
# There is insufficient memory for the Java Runtime Environment to continue.
# Native memory allocation (mmap) failed to map 94896128 bytes for committing reserved memory.
# Possible reasons:
#   The system is out of physical RAM or swap space
#   In 32 bit mode, the process size limit was hit
# Possible solutions:
#   Reduce memory load on the system
#   Increase physical memory or swap space
#   Check if swap backing store is full
#   Use 64 bit Java on a 64 bit OS
#   Decrease Java heap size (-Xmx/-Xms)
#   Decrease number of Java threads
#   Decrease Java thread stack sizes (-Xss)
#   Set larger code cache with -XX:ReservedCodeCacheSize=
# This output file may be truncated or incomplete.
#
#  Out of Memory Error (os_linux.cpp:2627), pid=17032, tid=0x00007f17483cd700
#
# JRE version: Java(TM) SE Runtime Environment (8.0_111-b14) (build 1.8.0_111-b14)
# Java VM: Java HotSpot(TM) 64-Bit Server VM (25.111-b14 mixed mode linux-amd64 compressed oops)
# Failed to write core dump. Core dumps have been disabled. To enable core dumping, try "ulimit -c unlimited" before starting Java again
#

---------------  T H R E A D  ---------------

Current thread (0x00007f175c073800):  VMThread [stack: 0x00007f17482cd000,0x00007f17483ce000] [id=17038]

Stack: [0x00007f17482cd000,0x00007f17483ce000],  sp=0x00007f17483cc220,  free space=1020k
Native frames: (J=compiled Java code, j=interpreted, Vv=VM code, C=native code)
V  [libjvm.so+0xac5c2a]  VMError::report_and_die()+0x2ba
V  [libjvm.so+0x4fc50b]  report_vm_out_of_memory(char const*, int, unsigned long, VMErrorType, char const*)+0x8b
V  [libjvm.so+0x922ae3]  os::Linux::commit_memory_impl(char*, unsigned long, bool)+0x103
V  [libjvm.so+0x923039]  os::pd_commit_memory(char*, unsigned long, unsigned long, bool)+0x29
V  [libjvm.so+0x91d33a]  os::commit_memory(char*, unsigned long, unsigned long, bool)+0x2a
V  [libjvm.so+0x991ac3]  PSVirtualSpace::expand_by(unsigned long)+0x53
V  [libjvm.so+0x992ec8]  PSYoungGen::resize_generation(unsigned long, unsigned long)+0xf8
V  [libjvm.so+0x992022]  PSYoungGen::resize(unsigned long, unsigned long)+0x22
V  [libjvm.so+0x98f2fb]  PSScavenge::invoke_no_policy()+0xf3b
V  [libjvm.so+0x98fa81]  PSScavenge::invoke()+0x41
V  [libjvm.so+0x9467d0]  ParallelScavengeHeap::failed_mem_allocate(unsigned long)+0x70
V  [libjvm.so+0xac7647]  VM_ParallelGCFailedAllocation::doit()+0x97
V  [libjvm.so+0xacf125]  VM_Operation::evaluate()+0x55
V  [libjvm.so+0xacd4fa]  VMThread::evaluate_operation(VM_Operation*)+0xba
V  [libjvm.so+0xacd87e]  VMThread::loop()+0x1ce
V  [libjvm.so+0xacdcf0]  VMThread::run()+0x70
V  [libjvm.so+0x924ea8]  java_start(Thread*)+0x108

VM_Operation (0x00007f17098f0980): ParallelGCFailedAllocation, mode: safepoint, requested by thread 0x00007f1728a27000


---------------  P R O C E S S  ---------------

Java Threads: ( => current thread )
  0x00007f1718029800 JavaThread "pool-18-thread-2" [_thread_blocked, id=17274, stack(0x00007f1709df6000,0x00007f1709ef7000)]
  0x00007f171802a800 JavaThread "pool-19-thread-1" [_thread_blocked, id=17273, stack(0x00007f170acfb000,0x00007f170adfc000)]
  0x00007f1718027800 JavaThread "pool-18-thread-1" [_thread_blocked, id=17272, stack(0x00007f1709bf4000,0x00007f1709cf5000)]
  0x00007f1728a2a000 JavaThread "pool-16-thread-4" [_thread_blocked, id=17271, stack(0x00007f17096f1000,0x00007f17097f2000)]
  0x00007f1728a28800 JavaThread "pool-16-thread-3" [_thread_blocked, id=17270, stack(0x00007f170a0f9000,0x00007f170a1fa000)]
  0x00007f1728a27000 JavaThread "pool-16-thread-2" [_thread_blocked, id=17269, stack(0x00007f17097f2000,0x00007f17098f3000)]
  0x00007f1728a96000 JavaThread "pool-17-thread-1" [_thread_blocked, id=17268, stack(0x00007f1709ef7000,0x00007f1709ff8000)]
  0x00007f1728a95000 JavaThread "pool-16-thread-1" [_thread_blocked, id=17267, stack(0x00007f1709af3000,0x00007f1709bf4000)]
  0x00007f171c009800 JavaThread "pool-7-thread-4" [_thread_blocked, id=17261, stack(0x00007f1709cf5000,0x00007f1709df6000)]
  0x00007f171c008800 JavaThread "pool-7-thread-3" [_thread_blocked, id=17254, stack(0x00007f1709ff8000,0x00007f170a0f9000)]
  0x00007f1720007000 JavaThread "pool-7-thread-2" [_thread_blocked, id=17243, stack(0x00007f170aefd000,0x00007f170affe000)]
  0x00007f171c007800 JavaThread "pool-7-thread-1" [_thread_blocked, id=17242, stack(0x00007f170affe000,0x00007f170b0ff000)]
  0x00007f175cc0b000 JavaThread "pool-6-thread-2" [_thread_blocked, id=17239, stack(0x00007f170b0ff000,0x00007f170b200000)]
  0x00007f175cc0a800 JavaThread "pool-6-thread-1" [_thread_blocked, id=17237, stack(0x00007f17300c2000,0x00007f17301c3000)]
  0x00007f175cb42800 JavaThread "Stdin handler" [_thread_blocked, id=17234, stack(0x00007f1731a24000,0x00007f1731b25000)]
  0x00007f175cb42000 JavaThread "Asynchronous log dispatcher for org.gradle.launcher.daemon.server.DefaultDaemonConnection@2d1df48" [_thread_blocked, id=17231, stack(0x00007f1731b25000,0x00007f1731c26000)]
  0x00007f170c009000 JavaThread "Cancel handler" [_thread_blocked, id=17230, stack(0x00007f1731e28000,0x00007f1731f29000)]
  0x00007f170c003800 JavaThread "Handler for socket connection from /127.0.0.1:42595 to /127.0.0.1:60896" [_thread_in_native, id=17229, stack(0x00007f1731c26000,0x00007f1731d27000)]
  0x00007f170c007000 JavaThread "Daemon worker Thread 2" [_thread_blocked, id=17191, stack(0x00007f1731d27000,0x00007f1731e28000)]
  0x00007f1718014800 JavaThread "Daemon Thread 2" [_thread_blocked, id=17187, stack(0x00007f1731f29000,0x00007f173202a000)]
  0x00007f17109e4000 JavaThread "pool-2-thread-1" [_thread_blocked, id=17063, stack(0x00007f17303d6000,0x00007f17304d7000)]
  0x00007f17107d4800 JavaThread "File lock request listener" [_thread_in_native, id=17061, stack(0x00007f1730c71000,0x00007f1730d72000)]
  0x00007f175cb06800 JavaThread "Incoming local TCP Connector on port 42595" [_thread_in_native, id=17049, stack(0x00007f1732231000,0x00007f1732332000)]
  0x00007f175cad2000 JavaThread "pool-1-thread-1" [_thread_blocked, id=17048, stack(0x00007f1732332000,0x00007f1732433000)]
  0x00007f175c0b9800 JavaThread "Service Thread" daemon [_thread_blocked, id=17044, stack(0x00007f1733924000,0x00007f1733a25000)]
  0x00007f175c0b7000 JavaThread "C1 CompilerThread1" daemon [_thread_blocked, id=17043, stack(0x00007f1733a25000,0x00007f1733b26000)]
  0x00007f175c0b4000 JavaThread "C2 CompilerThread0" daemon [_thread_blocked, id=17042, stack(0x00007f1733b26000,0x00007f1733c27000)]
  0x00007f175c0b2800 JavaThread "Signal Dispatcher" daemon [_thread_blocked, id=17041, stack(0x00007f1733c27000,0x00007f1733d28000)]
  0x00007f175c07f800 JavaThread "Finalizer" daemon [_thread_blocked, id=17040, stack(0x00007f17480cb000,0x00007f17481cc000)]
  0x00007f175c07b000 JavaThread "Reference Handler" daemon [_thread_blocked, id=17039, stack(0x00007f17481cc000,0x00007f17482cd000)]
  0x00007f175c00a000 JavaThread "main" [_thread_blocked, id=17035, stack(0x00007f1763415000,0x00007f1763516000)]

Other Threads:
=>0x00007f175c073800 VMThread [stack: 0x00007f17482cd000,0x00007f17483ce000] [id=17038]
  0x00007f175c0bc800 WatcherThread [stack: 0x00007f1733823000,0x00007f1733924000] [id=17045]

VM state:at safepoint (normal execution)

VM Mutex/Monitor currently owned by a thread:  ([mutex/lock_event])
[0x00007f175c006230] Threads_lock - owner thread: 0x00007f175c073800
[0x00007f175c006730] Heap_lock - owner thread: 0x00007f1728a27000

Heap:
 PSYoungGen      total 401920K, used 26102K [0x00000000e0000000, 0x00000000fa580000, 0x0000000100000000)
  eden space 375808K, 0% used [0x00000000e0000000,0x00000000e0000000,0x00000000f6f00000)
  from space 26112K, 99% used [0x00000000f6f00000,0x00000000f887da38,0x00000000f8880000)
  to   space 21504K, 0% used [0x00000000f8880000,0x00000000f8880000,0x00000000f9d80000)
 ParOldGen       total 95744K, used 56709K [0x00000000a0000000, 0x00000000a5d80000, 0x00000000e0000000)
  object space 95744K, 59% used [0x00000000a0000000,0x00000000a3761688,0x00000000a5d80000)
 Metaspace       used 63162K, capacity 64966K, committed 65112K, reserved 1105920K
  class space    used 8163K, capacity 8525K, committed 8576K, reserved 1048576K

Card table byte_map: [0x00007f174ccff000,0x00007f174d000000] byte_map_base: 0x00007f174c7ff000

Marking Bits: (ParMarkBitMap*) 0x00007f17628ed220
 Begin Bits: [0x00007f17499fe000, 0x00007f174b1fe000)
 End Bits:   [0x00007f174b1fe000, 0x00007f174c9fe000)

Polling page: 0x00007f176353c000

CodeCache: size=245760Kb used=33207Kb max_used=33207Kb free=212552Kb
 bounds [0x00007f174d000000, 0x00007f174f0a0000, 0x00007f175c000000]
 total_blobs=11131 nmethods=10393 adapters=651
 compilation: enabled

Compilation events (10 events):
Event: 163.389 Thread 0x00007f175c0b7000 nmethod 13267 0x00007f174f094dd0 code [0x00007f174f094f80, 0x00007f174f095498]
Event: 163.389 Thread 0x00007f175c0b7000 13268       2       com.android.dx.cf.iface.StdField::<init> (10 bytes)
Event: 163.390 Thread 0x00007f175c0b7000 nmethod 13268 0x00007f174f094a50 code [0x00007f174f094bc0, 0x00007f174f094d28]
Event: 163.390 Thread 0x00007f175c0b7000 13269       2       com.android.dx.cf.iface.StdFieldList::set (7 bytes)
Event: 163.390 Thread 0x00007f175c0b7000 nmethod 13269 0x00007f174f093fd0 code [0x00007f174f094180, 0x00007f174f0945c8]
Event: 163.390 Thread 0x00007f175c0b7000 13259       2       com.android.dx.cf.code.Ropper$CatchInfo::getSetup (53 bytes)
Event: 163.396 Thread 0x00007f175c0b7000 nmethod 13259 0x00007f174f0938d0 code [0x00007f174f093a60, 0x00007f174f093da8]
Event: 163.396 Thread 0x00007f175c0b7000 13206       2       com.android.dx.dex.file.ClassDataItem::addDirectMethod (24 bytes)
Event: 163.400 Thread 0x00007f175c0b7000 nmethod 13206 0x00007f174f096dd0 code [0x00007f174f096f60, 0x00007f174f0972b8]
Event: 163.400 Thread 0x00007f175c0b7000 13213       2       com.android.dx.dex.file.ClassDefItem::addDirectMethod (9 bytes)

GC Heap History (10 events):
Event: 35.580 GC heap after
Heap after GC invocations=14 (full 3):
 PSYoungGen      total 241152K, used 0K [0x00000000e0000000, 0x00000000f4800000, 0x0000000100000000)
  eden space 218112K, 0% used [0x00000000e0000000,0x00000000e0000000,0x00000000ed500000)
  from space 23040K, 0% used [0x00000000ed500000,0x00000000ed500000,0x00000000eeb80000)
  to   space 21504K, 0% used [0x00000000f3300000,0x00000000f3300000,0x00000000f4800000)
 ParOldGen       total 95744K, used 43603K [0x00000000a0000000, 0x00000000a5d80000, 0x00000000e0000000)
  object space 95744K, 45% used [0x00000000a0000000,0x00000000a2a94e98,0x00000000a5d80000)
 Metaspace       used 57504K, capacity 58882K, committed 58968K, reserved 1099776K
  class space    used 7725K, capacity 8043K, committed 8064K, reserved 1048576K
}
Event: 35.868 GC heap before
{Heap before GC invocations=15 (full 3):
 PSYoungGen      total 241152K, used 8382K [0x00000000e0000000, 0x00000000f4800000, 0x0000000100000000)
  eden space 218112K, 3% used [0x00000000e0000000,0x00000000e082f908,0x00000000ed500000)
  from space 23040K, 0% used [0x00000000ed500000,0x00000000ed500000,0x00000000eeb80000)
  to   space 21504K, 0% used [0x00000000f3300000,0x00000000f3300000,0x00000000f4800000)
 ParOldGen       total 95744K, used 43603K [0x00000000a0000000, 0x00000000a5d80000, 0x00000000e0000000)
  object space 95744K, 45% used [0x00000000a0000000,0x00000000a2a94e98,0x00000000a5d80000)
 Metaspace       used 57777K, capacity 59138K, committed 59224K, reserved 1099776K
  class space    used 7752K, capacity 8043K, committed 8064K, reserved 1048576K
Event: 35.882 GC heap after
Heap after GC invocations=15 (full 3):
 PSYoungGen      total 313856K, used 348K [0x00000000e0000000, 0x00000000f4900000, 0x0000000100000000)
  eden space 292352K, 0% used [0x00000000e0000000,0x00000000e0000000,0x00000000f1d80000)
  from space 21504K, 1% used [0x00000000f3300000,0x00000000f3357020,0x00000000f4800000)
  to   space 22016K, 0% used [0x00000000f1d80000,0x00000000f1d80000,0x00000000f3300000)
 ParOldGen       total 95744K, used 43611K [0x00000000a0000000, 0x00000000a5d80000, 0x00000000e0000000)
  object space 95744K, 45% used [0x00000000a0000000,0x00000000a2a96e98,0x00000000a5d80000)
 Metaspace       used 57777K, capacity 59138K, committed 59224K, reserved 1099776K
  class space    used 7752K, capacity 8043K, committed 8064K, reserved 1048576K
}
Event: 35.882 GC heap before
{Heap before GC invocations=16 (full 4):
 PSYoungGen      total 313856K, used 348K [0x00000000e0000000, 0x00000000f4900000, 0x0000000100000000)
  eden space 292352K, 0% used [0x00000000e0000000,0x00000000e0000000,0x00000000f1d80000)
  from space 21504K, 1% used [0x00000000f3300000,0x00000000f3357020,0x00000000f4800000)
  to   space 22016K, 0% used [0x00000000f1d80000,0x00000000f1d80000,0x00000000f3300000)
 ParOldGen       total 95744K, used 43611K [0x00000000a0000000, 0x00000000a5d80000, 0x00000000e0000000)
  object space 95744K, 45% used [0x00000000a0000000,0x00000000a2a96e98,0x00000000a5d80000)
 Metaspace       used 57777K, capacity 59138K, committed 59224K, reserved 1099776K
  class space    used 7752K, capacity 8043K, committed 8064K, reserved 1048576K
Event: 36.245 GC heap after
Heap after GC invocations=16 (full 4):
 PSYoungGen      total 313856K, used 0K [0x00000000e0000000, 0x00000000f4900000, 0x0000000100000000)
  eden space 292352K, 0% used [0x00000000e0000000,0x00000000e0000000,0x00000000f1d80000)
  from space 21504K, 0% used [0x00000000f3300000,0x00000000f3300000,0x00000000f4800000)
  to   space 22016K, 0% used [0x00000000f1d80000,0x00000000f1d80000,0x00000000f3300000)
 ParOldGen       total 95744K, used 37622K [0x00000000a0000000, 0x00000000a5d80000, 0x00000000e0000000)
  object space 95744K, 39% used [0x00000000a0000000,0x00000000a24bd828,0x00000000a5d80000)
 Metaspace       used 57777K, capacity 59138K, committed 59224K, reserved 1099776K
  class space    used 7752K, capacity 8043K, committed 8064K, reserved 1048576K
}
Event: 148.521 GC heap before
{Heap before GC invocations=17 (full 4):
 PSYoungGen      total 313856K, used 292352K [0x00000000e0000000, 0x00000000f4900000, 0x0000000100000000)
  eden space 292352K, 100% used [0x00000000e0000000,0x00000000f1d80000,0x00000000f1d80000)
  from space 21504K, 0% used [0x00000000f3300000,0x00000000f3300000,0x00000000f4800000)
  to   space 22016K, 0% used [0x00000000f1d80000,0x00000000f1d80000,0x00000000f3300000)
 ParOldGen       total 95744K, used 37622K [0x00000000a0000000, 0x00000000a5d80000, 0x00000000e0000000)
  object space 95744K, 39% used [0x00000000a0000000,0x00000000a24bd828,0x00000000a5d80000)
 Metaspace       used 58968K, capacity 60652K, committed 60888K, reserved 1101824K
  class space    used 7806K, capacity 8164K, committed 8192K, reserved 1048576K
Event: 148.666 GC heap after
Heap after GC invocations=17 (full 4):
 PSYoungGen      total 314368K, used 4351K [0x00000000e0000000, 0x00000000f9d80000, 0x0000000100000000)
  eden space 292352K, 0% used [0x00000000e0000000,0x00000000e0000000,0x00000000f1d80000)
  from space 22016K, 19% used [0x00000000f1d80000,0x00000000f21bfc60,0x00000000f3300000)
  to   space 21504K, 0% used [0x00000000f8880000,0x00000000f8880000,0x00000000f9d80000)
 ParOldGen       total 95744K, used 37622K [0x00000000a0000000, 0x00000000a5d80000, 0x00000000e0000000)
  object space 95744K, 39% used [0x00000000a0000000,0x00000000a24bd828,0x00000000a5d80000)
 Metaspace       used 58968K, capacity 60652K, committed 60888K, reserved 1101824K
  class space    used 7806K, capacity 8164K, committed 8192K, reserved 1048576K
}
Event: 160.279 GC heap before
{Heap before GC invocations=18 (full 4):
 PSYoungGen      total 314368K, used 296703K [0x00000000e0000000, 0x00000000f9d80000, 0x0000000100000000)
  eden space 292352K, 100% used [0x00000000e0000000,0x00000000f1d80000,0x00000000f1d80000)
  from space 22016K, 19% used [0x00000000f1d80000,0x00000000f21bfc60,0x00000000f3300000)
  to   space 21504K, 0% used [0x00000000f8880000,0x00000000f8880000,0x00000000f9d80000)
 ParOldGen       total 95744K, used 37622K [0x00000000a0000000, 0x00000000a5d80000, 0x00000000e0000000)
  object space 95744K, 39% used [0x00000000a0000000,0x00000000a24bd828,0x00000000a5d80000)
 Metaspace       used 62849K, capacity 64710K, committed 64856K, reserved 1105920K
  class space    used 8163K, capacity 8525K, committed 8576K, reserved 1048576K
Event: 160.459 GC heap after
Heap after GC invocations=18 (full 4):
 PSYoungGen      total 397312K, used 21494K [0x00000000e0000000, 0x00000000fa580000, 0x0000000100000000)
  eden space 375808K, 0% used [0x00000000e0000000,0x00000000e0000000,0x00000000f6f00000)
  from space 21504K, 99% used [0x00000000f8880000,0x00000000f9d7da60,0x00000000f9d80000)
  to   space 26112K, 0% used [0x00000000f6f00000,0x00000000f6f00000,0x00000000f8880000)
 ParOldGen       total 95744K, used 40873K [0x00000000a0000000, 0x00000000a5d80000, 0x00000000e0000000)
  object space 95744K, 42% used [0x00000000a0000000,0x00000000a27ea518,0x00000000a5d80000)
 Metaspace       used 62849K, capacity 64710K, committed 64856K, reserved 1105920K
  class space    used 8163K, capacity 8525K, committed 8576K, reserved 1048576K
}
Event: 163.406 GC heap before
{Heap before GC invocations=19 (full 4):
 PSYoungGen      total 397312K, used 397302K [0x00000000e0000000, 0x00000000fa580000, 0x0000000100000000)
  eden space 375808K, 100% used [0x00000000e0000000,0x00000000f6f00000,0x00000000f6f00000)
  from space 21504K, 99% used [0x00000000f8880000,0x00000000f9d7da60,0x00000000f9d80000)
  to   space 26112K, 0% used [0x00000000f6f00000,0x00000000f6f00000,0x00000000f8880000)
 ParOldGen       total 95744K, used 40873K [0x00000000a0000000, 0x00000000a5d80000, 0x00000000e0000000)
  object space 95744K, 42% used [0x00000000a0000000,0x00000000a27ea518,0x00000000a5d80000)
 Metaspace       used 63162K, capacity 64966K, committed 65112K, reserved 1105920K
  class space    used 8163K, capacity 8525K, committed 8576K, reserved 1048576K

Deoptimization events (10 events):
Event: 158.445 Thread 0x00007f1728219800 Uncommon trap: reason=null_check action=make_not_entrant pc=0x00007f174e00c35c method=com.android.dx.ssa.SsaRenamer.getLocalForNewReg(I)Lcom/android/dx/rop/code/LocalItem; @ 19
Event: 158.510 Thread 0x00007f1725061800 Uncommon trap: reason=unstable_if action=reinterpret pc=0x00007f174ddb4ffc method=java.util.concurrent.locks.AbstractQueuedSynchronizer.hasQueuedPredecessors()Z @ 12
Event: 158.692 Thread 0x00007f171c007800 Uncommon trap: reason=class_check action=maybe_recompile pc=0x00007f174e818030 method=java.util.AbstractMap.hashCode()I @ 3
Event: 158.692 Thread 0x00007f171c007800 Uncommon trap: reason=class_check action=maybe_recompile pc=0x00007f174e818030 method=java.util.AbstractMap.hashCode()I @ 3
Event: 158.692 Thread 0x00007f171c007800 Uncommon trap: reason=class_check action=maybe_recompile pc=0x00007f174e818030 method=java.util.AbstractMap.hashCode()I @ 3
Event: 158.692 Thread 0x00007f171c007800 Uncommon trap: reason=class_check action=maybe_recompile pc=0x00007f174e818030 method=java.util.AbstractMap.hashCode()I @ 3
Event: 159.224 Thread 0x00007f171c007800 Uncommon trap: reason=unstable_if action=reinterpret pc=0x00007f174d41b708 method=java.lang.StringCoding.encode(Ljava/lang/String;[CII)[B @ 38
Event: 161.144 Thread 0x00007f172c02c800 Uncommon trap: reason=unstable_if action=reinterpret pc=0x00007f174ea5f568 method=java.util.concurrent.ConcurrentHashMap.putVal(Ljava/lang/Object;Ljava/lang/Object;Z)Ljava/lang/Object; @ 98
Event: 162.644 Thread 0x00007f1728a27000 Uncommon trap: reason=unstable_if action=reinterpret pc=0x00007f174efe57c0 method=com.android.dx.rop.code.RegisterSpecSet.localItemToSpec(Lcom/android/dx/rop/code/LocalItem;)Lcom/android/dx/rop/code/RegisterSpec; @ 35
Event: 162.840 Thread 0x00007f171c009800 Uncommon trap: reason=unstable_if action=reinterpret pc=0x00007f174d9c991c method=java.lang.Long.numberOfTrailingZeros(J)I @ 3

Internal exceptions (10 events):
Event: 155.719 Thread 0x00007f175cc0b000 Exception <a 'sun/nio/fs/UnixException'> (0x00000000e83de9e0) thrown at [/HUDSON3/workspace/8-2-build-linux-amd64/jdk8u111/7883/hotspot/src/share/vm/prims/jni.cpp, line 709]
Event: 155.720 Thread 0x00007f175cc0b000 Exception <a 'sun/nio/fs/UnixException'> (0x00000000e83df4d8) thrown at [/HUDSON3/workspace/8-2-build-linux-amd64/jdk8u111/7883/hotspot/src/share/vm/prims/jni.cpp, line 709]
Event: 155.720 Thread 0x00007f175cc0b000 Exception <a 'sun/nio/fs/UnixException'> (0x00000000e83dfc88) thrown at [/HUDSON3/workspace/8-2-build-linux-amd64/jdk8u111/7883/hotspot/src/share/vm/prims/jni.cpp, line 709]
Event: 155.731 Thread 0x00007f175cc0b000 Exception <a 'sun/nio/fs/UnixException'> (0x00000000e83e0760) thrown at [/HUDSON3/workspace/8-2-build-linux-amd64/jdk8u111/7883/hotspot/src/share/vm/prims/jni.cpp, line 709]
Event: 155.731 Thread 0x00007f175cc0a800 Exception <a 'sun/nio/fs/UnixException'> (0x00000000e832e0e0) thrown at [/HUDSON3/workspace/8-2-build-linux-amd64/jdk8u111/7883/hotspot/src/share/vm/prims/jni.cpp, line 709]
Event: 155.731 Thread 0x00007f175cc0a800 Exception <a 'sun/nio/fs/UnixException'> (0x00000000e832e8a8) thrown at [/HUDSON3/workspace/8-2-build-linux-amd64/jdk8u111/7883/hotspot/src/share/vm/prims/jni.cpp, line 709]
Event: 155.731 Thread 0x00007f175cc0b000 Exception <a 'sun/nio/fs/UnixException'> (0x00000000e83e0f50) thrown at [/HUDSON3/workspace/8-2-build-linux-amd64/jdk8u111/7883/hotspot/src/share/vm/prims/jni.cpp, line 709]
Event: 155.735 Thread 0x00007f175cc0b000 Exception <a 'sun/nio/fs/UnixException'> (0x00000000e83e19f0) thrown at [/HUDSON3/workspace/8-2-build-linux-amd64/jdk8u111/7883/hotspot/src/share/vm/prims/jni.cpp, line 709]
Event: 155.735 Thread 0x00007f175cc0b000 Exception <a 'sun/nio/fs/UnixException'> (0x00000000e83e2198) thrown at [/HUDSON3/workspace/8-2-build-linux-amd64/jdk8u111/7883/hotspot/src/share/vm/prims/jni.cpp, line 709]
Event: 158.445 Thread 0x00007f1728219800 Implicit null exception at 0x00007f174e00ba5e to 0x00007f174e00c339

Events (10 events):
Event: 163.348 Thread 0x00007f1728a2a000 DEOPT PACKING pc=0x00007f174e469c8b sp=0x00007f17097efce0
Event: 163.348 Thread 0x00007f1728a2a000 DEOPT UNPACKING pc=0x00007f174d046f73 sp=0x00007f17097efa58 mode 0
Event: 163.355 Thread 0x00007f1718027800 Thread added: 0x00007f1718027800
Event: 163.356 Thread 0x00007f171802a800 Thread added: 0x00007f171802a800
Event: 163.390 Thread 0x00007f1718029800 Thread added: 0x00007f1718029800
Event: 163.401 Executing VM operation: RevokeBias
Event: 163.404 Executing VM operation: RevokeBias done
Event: 163.404 Executing VM operation: RevokeBias
Event: 163.404 Executing VM operation: RevokeBias done
Event: 163.405 Executing VM operation: ParallelGCFailedAllocation


Dynamic libraries:
00400000-00401000 r-xp 00000000 08:05 791298                             /usr/lib/jvm/java-8-oracle/bin/java
00600000-00601000 rw-p 00000000 08:05 791298                             /usr/lib/jvm/java-8-oracle/bin/java
01fd2000-01ff3000 rw-p 00000000 00:00 0                                  [heap]
a0000000-a5d80000 rw-p 00000000 00:00 0 
a5d80000-e0000000 ---p 00000000 00:00 0 
e0000000-fa580000 rw-p 00000000 00:00 0 
100000000-100860000 rw-p 00000000 00:00 0 
100860000-140000000 ---p 00000000 00:00 0 
7f17096f1000-7f17096f4000 ---p 00000000 00:00 0 
7f17096f4000-7f17097f2000 rw-p 00000000 00:00 0 
7f17097f2000-7f17097f5000 ---p 00000000 00:00 0 
7f17097f5000-7f1709a33000 rw-p 00000000 00:00 0 
7f1709a33000-7f1709af3000 ---p 00000000 00:00 0 
7f1709af3000-7f1709af6000 ---p 00000000 00:00 0 
7f1709af6000-7f1709bf4000 rw-p 00000000 00:00 0 
7f1709bf4000-7f1709bf7000 ---p 00000000 00:00 0 
7f1709bf7000-7f1709cf5000 rw-p 00000000 00:00 0 
7f1709cf5000-7f1709cf8000 ---p 00000000 00:00 0 
7f1709cf8000-7f1709df6000 rw-p 00000000 00:00 0 
7f1709df6000-7f1709df9000 ---p 00000000 00:00 0 
7f1709df9000-7f1709ef7000 rw-p 00000000 00:00 0 
7f1709ef7000-7f1709efa000 ---p 00000000 00:00 0 
7f1709efa000-7f1709ff8000 rw-p 00000000 00:00 0 
7f1709ff8000-7f1709ffb000 ---p 00000000 00:00 0 
7f1709ffb000-7f170a0f9000 rw-p 00000000 00:00 0 
7f170a0f9000-7f170a0fc000 ---p 00000000 00:00 0 
7f170a0fc000-7f170a1fa000 rw-p 00000000 00:00 0 
7f170a1fa000-7f170a1fd000 ---p 00000000 00:00 0 
7f170a1fd000-7f170a4fb000 rw-p 00000000 00:00 0 
7f170a4fb000-7f170a6fb000 rw-p 00000000 00:00 0 
7f170a6fb000-7f170a8fb000 rw-p 00000000 00:00 0 
7f170a8fb000-7f170aafb000 rw-p 00000000 00:00 0 
7f170aafb000-7f170acfb000 rw-p 00000000 00:00 0 
7f170acfb000-7f170acfe000 ---p 00000000 00:00 0 
7f170acfe000-7f170adfc000 rw-p 00000000 00:00 0 
7f170adfc000-7f170adff000 ---p 00000000 00:00 0 
7f170adff000-7f170aefd000 rw-p 00000000 00:00 0 
7f170aefd000-7f170af00000 ---p 00000000 00:00 0 
7f170af00000-7f170affe000 rw-p 00000000 00:00 0 
7f170affe000-7f170b001000 ---p 00000000 00:00 0 
7f170b001000-7f170b0ff000 rw-p 00000000 00:00 0 
7f170b0ff000-7f170b102000 ---p 00000000 00:00 0 
7f170b102000-7f170b400000 rw-p 00000000 00:00 0 
7f170b400000-7f170b600000 rw-p 00000000 00:00 0 
7f170b600000-7f170b800000 rw-p 00000000 00:00 0 
7f170b800000-7f170ba00000 rw-p 00000000 00:00 0 
7f170ba00000-7f170bc00000 rw-p 00000000 00:00 0 
7f170bc00000-7f170be00000 rw-p 00000000 00:00 0 
7f170be00000-7f170c000000 rw-p 00000000 00:00 0 
7f170c000000-7f170c021000 rw-p 00000000 00:00 0 
7f170c021000-7f1710000000 ---p 00000000 00:00 0 
7f1710000000-7f1711303000 rw-p 00000000 00:00 0 
7f1711303000-7f1714000000 ---p 00000000 00:00 0 
7f1714000000-7f1714021000 rw-p 00000000 00:00 0 
7f1714021000-7f1718000000 ---p 00000000 00:00 0 
7f1718000000-7f17180a4000 rw-p 00000000 00:00 0 
7f17180a4000-7f171c000000 ---p 00000000 00:00 0 
7f171c000000-7f171c021000 rw-p 00000000 00:00 0 
7f171c021000-7f1720000000 ---p 00000000 00:00 0 
7f1720000000-7f1720021000 rw-p 00000000 00:00 0 
7f1720021000-7f1724000000 ---p 00000000 00:00 0 
7f1724000000-7f172578c000 rw-p 00000000 00:00 0 
7f172578c000-7f1728000000 ---p 00000000 00:00 0 
7f1728000000-7f1728cbf000 rw-p 00000000 00:00 0 
7f1728cbf000-7f172c000000 ---p 00000000 00:00 0 
7f172c000000-7f172c08e000 rw-p 00000000 00:00 0 
7f172c08e000-7f1730000000 ---p 00000000 00:00 0 
7f17300b0000-7f17300bb000 r--s 00097000 08:05 7341241                    /home/itadmin/Projects/NalaneHoldings/Android/SesothoTrivia/app/build/intermediates/exploded-aar/com.android.support/appcompat-v7/24.2.1/jars/classes.jar
7f17300be000-7f17300c2000 r--s 00018000 08:05 2622248                    /home/itadmin/Projects/NalaneHoldings/Android/SesothoTrivia/app/build/intermediates/exploded-aar/com.google.firebase/firebase-database-connection/9.4.0/jars/classes.jar
7f17300c2000-7f17300c5000 ---p 00000000 00:00 0 
7f17300c5000-7f17301c3000 rw-p 00000000 00:00 0 
7f17301c3000-7f17301d6000 r--s 00345000 08:05 791604                     /usr/lib/jvm/java-8-oracle/jre/lib/resources.jar
7f17301d6000-7f17303cc000 rw-p 00000000 00:00 0 
7f17303cc000-7f17303d6000 ---p 00000000 00:00 0 
7f17303d6000-7f17303d9000 ---p 00000000 00:00 0 
7f17303d9000-7f17306d7000 rw-p 00000000 00:00 0 
7f17306d7000-7f1730702000 r--s 001fc000 08:05 9198460                    /opt/android-studio/gradle/m2repository/com/google/guava/guava/18.0/guava-18.0.jar
7f1730702000-7f1730703000 r--s 00001000 08:05 9458022                    /opt/android-studio/gradle/m2repository/com/android/tools/annotations/25.2.0/annotations-25.2.0.jar
7f1730703000-7f1730715000 r--s 000b3000 08:05 1192610                    /opt/android-studio/gradle/m2repository/com/android/tools/external/com-intellij/uast/145.597.3/uast-145.597.3.jar
7f1730715000-7f173071d000 r--s 000a8000 08:05 1192603                    /opt/android-studio/gradle/m2repository/com/android/tools/external/lombok/lombok-ast/0.2.3/lombok-ast-0.2.3.jar
7f173071d000-7f173071f000 r--s 0000d000 08:05 1319685                    /opt/android-studio/gradle/m2repository/commons-codec/commons-codec/1.4/commons-codec-1.4.jar
7f173071f000-7f1730721000 r--s 0000d000 08:05 8527107                    /opt/android-studio/gradle/m2repository/commons-logging/commons-logging/1.1.1/commons-logging-1.1.1.jar
7f1730721000-7f1730726000 r--s 00028000 08:05 9063075                    /opt/android-studio/gradle/m2repository/org/apache/httpcomponents/httpcore/4.1/httpcore-4.1.jar
7f1730726000-7f173072a000 r--s 0002f000 08:05 9316525                    /opt/android-studio/gradle/m2repository/com/google/jimfs/jimfs/1.1/jimfs-1.1.jar
7f173072a000-7f173072b000 r--s 00004000 08:05 9198423                    /opt/android-studio/gradle/m2repository/com/intellij/annotations/12.0/annotations-12.0.jar
7f173072b000-7f173072c000 r--s 00004000 08:05 8798579                    /opt/android-studio/gradle/m2repository/org/ow2/asm/asm-analysis/5.0.4/asm-analysis-5.0.4.jar
7f173072c000-7f1730730000 r--s 0003b000 08:05 1319630                    /opt/android-studio/gradle/m2repository/com/android/tools/lint/lint-api/25.2.0/lint-api-25.2.0.jar
7f1730730000-7f1730731000 r--s 0000a000 08:05 8928371                    /opt/android-studio/gradle/m2repository/net/sf/kxml/kxml2/2.3.0/kxml2-2.3.0.jar
7f1730731000-7f1730733000 r--s 00005000 08:05 9063066                    /opt/android-studio/gradle/m2repository/org/apache/httpcomponents/httpmime/4.1/httpmime-4.1.jar
7f1730733000-7f173073b000 r--s 0004e000 08:05 9063086                    /opt/android-studio/gradle/m2repository/org/apache/httpcomponents/httpclient/4.1.1/httpclient-4.1.1.jar
7f173073b000-7f1730742000 r--s 00053000 08:05 9063098                    /opt/android-studio/gradle/m2repository/org/apache/commons/commons-compress/1.8.1/commons-compress-1.8.1.jar
7f1730742000-7f1730747000 r--s 0002a000 08:05 9316513                    /opt/android-studio/gradle/m2repository/com/google/code/gson/gson/2.2.4/gson-2.2.4.jar
7f1730747000-7f173074c000 r--s 0002d000 08:05 1192615                    /opt/android-studio/gradle/m2repository/com/android/tools/repository/25.2.0/repository-25.2.0.jar
7f173074c000-7f173074d000 r--s 00005000 08:05 1192578                    /opt/android-studio/gradle/m2repository/com/android/tools/dvlib/25.2.0/dvlib-25.2.0.jar
7f173074d000-7f1730750000 r--s 00014000 08:05 797505                     /opt/android-studio/gradle/m2repository/com/android/tools/layoutlib/layoutlib-api/25.2.0/layoutlib-api-25.2.0.jar
7f1730750000-7f1730755000 r--s 00058000 08:05 8527129                    /opt/android-studio/gradle/m2repository/org/ow2/asm/asm-debug-all/5.0.1/asm-debug-all-5.0.1.jar
7f1730755000-7f1730765000 r--s 000d6000 08:05 9063123                    /opt/android-studio/gradle/m2repository/net/sf/proguard/proguard-base/5.2.1/proguard-base-5.2.1.jar
7f1730765000-7f1730768000 r--s 00033000 08:05 9198430                    /opt/android-studio/gradle/m2repository/com/googlecode/juniversalchardet/juniversalchardet/1.0.3/juniversalchardet-1.0.3.jar
7f1730768000-7f173076c000 r--s 0002a000 08:05 8527100                    /opt/android-studio/gradle/m2repository/commons-io/commons-io/2.4/commons-io-2.4.jar
7f173076c000-7f1730783000 r--s 00154000 08:05 8928332                    /opt/android-studio/gradle/m2repository/org/antlr/antlr4/4.5.3/antlr4-4.5.3.jar
7f1730783000-7f1730784000 r--s 00002000 08:05 9316726                    /opt/android-studio/gradle/m2repository/com/android/databinding/baseLibrary/2.2.0/baseLibrary-2.2.0.jar
7f1730784000-7f1730797000 r--s 00236000 08:05 8798638                    /opt/android-studio/gradle/m2repository/org/eclipse/jdt/core/compiler/ecj/4.5.1/ecj-4.5.1.jar
7f1730797000-7f173079e000 r--s 000c3000 08:05 1192644                    /opt/android-studio/gradle/m2repository/com/android/tools/lint/lint-checks/25.2.0/lint-checks-25.2.0.jar
7f173079e000-7f17307a0000 r--s 00006000 08:05 8798593                    /opt/android-studio/gradle/m2repository/org/ow2/asm/asm-tree/5.0.4/asm-tree-5.0.4.jar
7f17307a0000-7f17307d3000 r--s 00203000 08:05 8928339                    /opt/android-studio/gradle/m2repository/org/bouncycastle/bcprov-jdk15on/1.48/bcprov-jdk15on-1.48.jar
7f17307d3000-7f17307e1000 r--s 00081000 08:05 8928344                    /opt/android-studio/gradle/m2repository/org/bouncycastle/bcpkix-jdk15on/1.48/bcpkix-jdk15on-1.48.jar
7f17307e1000-7f17307e3000 r--s 00002000 08:05 9198438                    /opt/android-studio/gradle/m2repository/com/squareup/javawriter/2.5.0/javawriter-2.5.0.jar
7f17307e3000-7f17307e4000 r--s 00002000 08:05 1192622                    /opt/android-studio/gradle/m2repository/com/android/tools/analytics-library/tracker/25.2.0/tracker-25.2.0.jar
7f17307e4000-7f17307e6000 r--s 00003000 08:05 1192630                    /opt/android-studio/gradle/m2repository/com/android/tools/analytics-library/shared/25.2.0/shared-25.2.0.jar
7f17307e6000-7f17307f3000 r--s 000ed000 08:05 1192626                    /opt/android-studio/gradle/m2repository/com/android/tools/analytics-library/protos/25.2.0/protos-25.2.0.jar
7f17307f3000-7f17307f4000 r--s 00001000 08:05 797512                     /opt/android-studio/gradle/m2repository/com/android/tools/jill/jill-api/0.10.0/jill-api-0.10.0.jar
7f17307f4000-7f17307f6000 r--s 00003000 08:05 1319657                    /opt/android-studio/gradle/m2repository/com/android/tools/jack/jack-api/0.11.0/jack-api-0.11.0.jar
7f17307f6000-7f17307fb000 r--s 0004a000 08:05 797546                     /opt/android-studio/gradle/m2repository/com/android/tools/ddms/ddmlib/25.2.0/ddmlib-25.2.0.jar
7f17307fb000-7f17307fe000 r--s 00021000 08:05 9458079                    /opt/android-studio/gradle/m2repository/com/android/tools/build/manifest-merger/25.2.0/manifest-merger-25.2.0.jar
7f17307fe000-7f1730800000 r--s 0001c000 08:05 1319674                    /opt/android-studio/gradle/m2repository/com/android/tools/common/25.2.0/common-25.2.0.jar
7f1730800000-7f1730809000 r--s 00083000 08:05 797529                     /opt/android-studio/gradle/m2repository/com/android/tools/sdk-common/25.2.0/sdk-common-25.2.0.jar
7f1730809000-7f1730814000 r--s 0008e000 08:05 1319645                    /opt/android-studio/gradle/m2repository/com/android/tools/sdklib/25.2.0/sdklib-25.2.0.jar
7f1730814000-7f1730815000 r--s 00002000 08:05 9458052                    /opt/android-studio/gradle/m2repository/com/android/tools/build/builder-test-api/2.2.0/builder-test-api-2.2.0.jar
7f1730815000-7f1730818000 r--s 00005000 08:05 797477                     /opt/android-studio/gradle/m2repository/com/android/tools/build/builder-model/2.2.0/builder-model-2.2.0.jar
7f1730818000-7f1730820000 r--s 0007b000 08:05 9316505                    /opt/android-studio/gradle/m2repository/com/google/protobuf/protobuf-java/2.5.0/protobuf-java-2.5.0.jar
7f1730820000-7f1730822000 r--s 0000f000 08:05 8798657                    /opt/android-studio/gradle/m2repository/net/sf/jopt-simple/jopt-simple/4.9/jopt-simple-4.9.jar
7f1730822000-7f1730826000 r--s 0001f000 08:05 9063054                    /opt/android-studio/gradle/m2repository/org/jacoco/org.jacoco.report/0.7.5.201505241946/org.jacoco.report-0.7.5.201505241946.jar
7f1730826000-7f173082a000 r--s 0001d000 08:05 8928360                    /opt/android-studio/gradle/m2repository/org/jacoco/org.jacoco.core/0.7.5.201505241946/org.jacoco.core-0.7.5.201505241946.jar
7f173082a000-7f173082b000 r--s 00002000 08:05 797568                     /opt/android-studio/gradle/m2repository/net/sf/proguard/proguard-gradle/5.2.1/proguard-gradle-5.2.1.jar
7f173082b000-7f173082d000 r--s 00009000 08:05 8798602                    /opt/android-studio/gradle/m2repository/org/ow2/asm/asm-commons/5.0.4/asm-commons-5.0.4.jar
7f173082d000-7f173082f000 r--s 0000c000 08:05 8798625                    /opt/android-studio/gradle/m2repository/org/ow2/asm/asm/5.0.4/asm-5.0.4.jar
7f173082f000-7f1730833000 r--s 0002b000 08:05 9316748                    /opt/android-studio/gradle/m2repository/com/android/databinding/compilerCommon/2.2.0/compilerCommon-2.2.0.jar
7f1730833000-7f1730834000 r--s 00002000 08:05 9458066                    /opt/android-studio/gradle/m2repository/com/android/tools/build/gradle-api/2.2.0/gradle-api-2.2.0.jar
7f1730834000-7f1730835000 r--s 00000000 08:05 9458096                    /opt/android-studio/gradle/m2repository/com/android/tools/build/transform-api/2.0.0-deprecated-use-gradle-api/transform-api-2.0.0-deprecated-use-gradle-api.jar
7f1730835000-7f173083a000 r--s 00053000 08:05 1192659                    /opt/android-studio/gradle/m2repository/com/android/tools/lint/lint/25.2.0/lint-25.2.0.jar
7f173083a000-7f1730851000 r--s 0015d000 08:05 9458040                    /opt/android-studio/gradle/m2repository/com/android/tools/build/builder/2.2.0/builder-2.2.0.jar
7f1730851000-7f173086e000 r--s 0019c000 08:05 9458089                    /opt/android-studio/gradle/m2repository/com/android/tools/build/gradle-core/2.2.0/gradle-core-2.2.0.jar
7f173086e000-7f173086f000 r--s 00006000 08:05 6035979                    /home/itadmin/.gradle/caches/modules-2/files-2.1/com.google.gms/google-services/3.0.0/ee538ce9cf4148485e43017c5542202b8c78ff8e/google-services-3.0.0.jar
7f173086f000-7f1730871000 r--s 0000d000 08:05 797488                     /opt/android-studio/gradle/m2repository/com/android/tools/build/gradle/2.2.0/gradle-2.2.0.jar
7f1730871000-7f1730a71000 rw-p 00000000 00:00 0 
7f1730a71000-7f1730c71000 rw-p 00000000 00:00 0 
7f1730c71000-7f1730c74000 ---p 00000000 00:00 0 
7f1730c74000-7f1730f72000 rw-p 00000000 00:00 0 
7f1730f72000-7f1730f75000 ---p 00000000 00:00 0 
7f1730f75000-7f1730fab000 rw-p 00000000 00:00 0 
7f1730fab000-7f1730fac000 r--p 00000000 00:00 0 
7f1730fac000-7f17311ac000 rw-p 00000000 00:00 0 
7f17311ac000-7f17313ac000 rw-p 00000000 00:00 0 
7f17313ac000-7f17315ac000 rw-p 00000000 00:00 0 
7f17315ac000-7f17317ac000 rw-p 00000000 00:00 0 
7f17317ac000-7f1731824000 r--s 010e6000 08:05 8936206                    /usr/lib/jvm/java-8-oracle/lib/tools.jar
7f1731824000-7f1731a24000 rw-p 00000000 00:00 0 
7f1731a24000-7f1731a27000 ---p 00000000 00:00 0 
7f1731a27000-7f1731b25000 rw-p 00000000 00:00 0 
7f1731b25000-7f1731b28000 ---p 00000000 00:00 0 
7f1731b28000-7f1731c26000 rw-p 00000000 00:00 0 
7f1731c26000-7f1731c29000 ---p 00000000 00:00 0 
7f1731c29000-7f1731d27000 rw-p 00000000 00:00 0 
7f1731d27000-7f1731d2a000 ---p 00000000 00:00 0 
7f1731d2a000-7f1731e28000 rw-p 00000000 00:00 0 
7f1731e28000-7f1731e2b000 ---p 00000000 00:00 0 
7f1731e2b000-7f1731f29000 rw-p 00000000 00:00 0 
7f1731f29000-7f1731f2c000 ---p 00000000 00:00 0 
7f1731f2c000-7f173202a000 rw-p 00000000 00:00 0 
7f173202a000-7f1732031000 r--s 00000000 08:05 7996181                    /usr/lib/x86_64-linux-gnu/gconv/gconv-modules.cache
7f1732031000-7f1732231000 rw-p 00000000 00:00 0 
7f1732231000-7f1732234000 ---p 00000000 00:00 0 
7f1732234000-7f1732332000 rw-p 00000000 00:00 0 
7f1732332000-7f1732335000 ---p 00000000 00:00 0 
7f1732335000-7f1732433000 rw-p 00000000 00:00 0 
7f1732433000-7f173243c000 r-xp 00000000 08:05 791416                     /usr/lib/jvm/java-8-oracle/jre/lib/amd64/libmanagement.so
7f173243c000-7f173263b000 ---p 00009000 08:05 791416                     /usr/lib/jvm/java-8-oracle/jre/lib/amd64/libmanagement.so
7f173263b000-7f173263c000 rw-p 00008000 08:05 791416                     /usr/lib/jvm/java-8-oracle/jre/lib/amd64/libmanagement.so
7f173263c000-7f1732640000 r--s 00097000 08:05 791324                     /usr/lib/jvm/java-8-oracle/jre/lib/jsse.jar
7f1732640000-7f1732642000 r--s 00007000 08:05 9448387                    /home/itadmin/.gradle/wrapper/dists/gradle-2.14.1-all/8bnwg5hd3w55iofp58khbp6yv/gradle-2.14.1/lib/plugins/gradle-tooling-api-builders-2.14.1.jar
7f1732642000-7f1732645000 r--s 00008000 08:05 9448373                    /home/itadmin/.gradle/wrapper/dists/gradle-2.14.1-all/8bnwg5hd3w55iofp58khbp6yv/gradle-2.14.1/lib/plugins/gradle-testing-native-2.14.1.jar
7f1732645000-7f1732647000 r--s 00009000 08:05 9456516                    /home/itadmin/.gradle/wrapper/dists/gradle-2.14.1-all/8bnwg5hd3w55iofp58khbp6yv/gradle-2.14.1/lib/plugins/hamcrest-core-1.3.jar
7f1732647000-7f173264d000 r--s 00033000 08:05 9456504                    /home/itadmin/.gradle/wrapper/dists/gradle-2.14.1-all/8bnwg5hd3w55iofp58khbp6yv/gradle-2.14.1/lib/plugins/snakeyaml-1.6.jar
7f173264d000-7f173264f000 r--s 00006000 08:05 9456502                    /home/itadmin/.gradle/wrapper/dists/gradle-2.14.1-all/8bnwg5hd3w55iofp58khbp6yv/gradle-2.14.1/lib/plugins/jcommander-1.12.jar
7f173264f000-7f1732654000 r--s 00040000 08:05 9454651                    /home/itadmin/.gradle/wrapper/dists/gradle-2.14.1-all/8bnwg5hd3w55iofp58khbp6yv/gradle-2.14.1/lib/plugins/bsh-2.0b4.jar
7f1732654000-7f173265d000 r--s 00089000 08:05 9450732                    /home/itadmin/.gradle/wrapper/dists/gradle-2.14.1-all/8bnwg5hd3w55iofp58khbp6yv/gradle-2.14.1/lib/plugins/testng-6.3.1.jar
7f173265d000-7f1732665000 r--s 00045000 08:05 9450730                    /home/itadmin/.gradle/wrapper/dists/gradle-2.14.1-all/8bnwg5hd3w55iofp58khbp6yv/gradle-2.14.1/lib/plugins/junit-4.12.jar
7f1732665000-7f173266b000 r--s 0002e000 08:05 9448375                    /home/itadmin/.gradle/wrapper/dists/gradle-2.14.1-all/8bnwg5hd3w55iofp58khbp6yv/gradle-2.14.1/lib/plugins/gradle-testing-jvm-2.14.1.jar
7f173266b000-7f1732670000 r--s 00015000 08:05 9448371                    /home/itadmin/.gradle/wrapper/dists/gradle-2.14.1-all/8bnwg5hd3w55iofp58khbp6yv/gradle-2.14.1/lib/plugins/gradle-testing-base-2.14.1.jar
7f1732670000-7f1732671000 r--s 00002000 08:05 9450589                    /home/itadmin/.gradle/wrapper/dists/gradle-2.14.1-all/8bnwg5hd3w55iofp58khbp6yv/gradle-2.14.1/lib/plugins/sonar-batch-bootstrapper-2.9.jar
7f1732671000-7f1732674000 r--s 00015000 08:05 9448327                    /home/itadmin/.gradle/wrapper/dists/gradle-2.14.1-all/8bnwg5hd3w55iofp58khbp6yv/gradle-2.14.1/lib/plugins/gradle-sonar-2.14.1.jar
7f1732674000-7f173267b000 r--s 00038000 08:05 9450591                    /home/itadmin/.gradle/wrapper/dists/gradle-2.14.1-all/8bnwg5hd3w55iofp58khbp6yv/gradle-2.14.1/lib/plugins/bcpg-jdk15on-1.51.jar
7f173267b000-7f173267d000 r--s 0000d000 08:05 9448329                    /home/itadmin/.gradle/wrapper/dists/gradle-2.14.1-all/8bnwg5hd3w55iofp58khbp6yv/gradle-2.14.1/lib/plugins/gradle-signing-2.14.1.jar
7f173267d000-7f1732680000 r--s 00009000 08:05 9448325                    /home/itadmin/.gradle/wrapper/dists/gradle-2.14.1-all/8bnwg5hd3w55iofp58khbp6yv/gradle-2.14.1/lib/plugins/gradle-scala-2.14.1.jar
7f1732680000-7f1732681000 r--s 00004000 08:05 9448383                    /home/itadmin/.gradle/wrapper/dists/gradle-2.14.1-all/8bnwg5hd3w55iofp58khbp6yv/gradle-2.14.1/lib/plugins/gradle-resources-sftp-2.14.1.jar
7f1732681000-7f1732691000 r--s 00088000 08:05 9454620                    /home/itadmin/.gradle/wrapper/dists/gradle-2.14.1-all/8bnwg5hd3w55iofp58khbp6yv/gradle-2.14.1/lib/plugins/joda-time-2.8.2.jar
7f1732691000-7f17326a2000 r--s 000cf000 08:05 9454612                    /home/itadmin/.gradle/wrapper/dists/gradle-2.14.1-all/8bnwg5hd3w55iofp58khbp6yv/gradle-2.14.1/lib/plugins/jackson-databind-2.3.2.jar
7f17326a2000-7f17326a4000 r--s 00007000 08:05 9452660                    /home/itadmin/.gradle/wrapper/dists/gradle-2.14.1-all/8bnwg5hd3w55iofp58khbp6yv/gradle-2.14.1/lib/plugins/jackson-annotations-2.3.2.jar
7f17326a4000-7f17326a7000 r--s 0002e000 08:05 9452659                    /home/itadmin/.gradle/wrapper/dists/gradle-2.14.1-all/8bnwg5hd3w55iofp58khbp6yv/gradle-2.14.1/lib/plugins/jackson-core-2.3.2.jar
7f17326a7000-7f17326b2000 r--s 0006b000 08:05 9452656                    /home/itadmin/.gradle/wrapper/dists/gradle-2.14.1-all/8bnwg5hd3w55iofp58khbp6yv/gradle-2.14.1/lib/plugins/aws-java-sdk-core-1.9.19.jar
7f17326b2000-7f17326b8000 r--s 00036000 08:05 9450742                    /home/itadmin/.gradle/wrapper/dists/gradle-2.14.1-all/8bnwg5hd3w55iofp58khbp6yv/gradle-2.14.1/lib/plugins/aws-java-sdk-kms-1.9.19.jar
7f17326b8000-7f17326c3000 r--s 00079000 08:05 9450740                    /home/itadmin/.gradle/wrapper/dists/gradle-2.14.1-all/8bnwg5hd3w55iofp58khbp6yv/gradle-2.14.1/lib/plugins/aws-java-sdk-s3-1.9.19.jar
7f17326c3000-7f17326c4000 r--s 00003000 08:05 9448385                    /home/itadmin/.gradle/wrapper/dists/gradle-2.14.1-all/8bnwg5hd3w55iofp58khbp6yv/gradle-2.14.1/lib/plugins/gradle-resources-s3-2.14.1.jar
7f17326c4000-7f17326c6000 r--s 00005000 08:05 9450599                    /home/itadmin/.gradle/wrapper/dists/gradle-2.14.1-all/8bnwg5hd3w55iofp58khbp6yv/gradle-2.14.1/lib/plugins/jatl-0.2.2.jar
7f17326c6000-7f17326c8000 r--s 0000f000 08:05 9448339                    /home/itadmin/.gradle/wrapper/dists/gradle-2.14.1-all/8bnwg5hd3w55iofp58khbp6yv/gradle-2.14.1/lib/plugins/gradle-reporting-2.14.1.jar
7f17326c8000-7f17326ca000 r--s 00002000 08:05 9448341                    /home/itadmin/.gradle/wrapper/dists/gradle-2.14.1-all/8bnwg5hd3w55iofp58khbp6yv/gradle-2.14.1/lib/plugins/gradle-publish-2.14.1.jar
7f17326ca000-7f17326cc000 r--s 00009000 08:05 9448393                    /home/itadmin/.gradle/wrapper/dists/gradle-2.14.1-all/8bnwg5hd3w55iofp58khbp6yv/gradle-2.14.1/lib/plugins/commons-cli-1.2.jar
7f17326cc000-7f17326d2000 r--s 00033000 08:05 9448317                    /home/itadmin/.gradle/wrapper/dists/gradle-2.14.1-all/8bnwg5hd3w55iofp58khbp6yv/gradle-2.14.1/lib/plugins/gradle-plugins-2.14.1.jar
7f17326d2000-7f17326d4000 r--s 00007000 08:05 9448377                    /home/itadmin/.gradle/wrapper/dists/gradle-2.14.1-all/8bnwg5hd3w55iofp58khbp6yv/gradle-2.14.1/lib/plugins/gradle-plugin-development-2.14.1.jar
7f17326d4000-7f17326da000 r--s 0002a000 08:05 9448363                    /home/itadmin/.gradle/wrapper/dists/gradle-2.14.1-all/8bnwg5hd3w55iofp58khbp6yv/gradle-2.14.1/lib/plugins/gradle-platform-play-2.14.1.jar
7f17326da000-7f17326e7000 r--s 0004d000 08:05 9448361                    /home/itadmin/.gradle/wrapper/dists/gradle-2.14.1-all/8bnwg5hd3w55iofp58khbp6yv/gradle-2.14.1/lib/plugins/gradle-platform-native-2.14.1.jar
7f17326e7000-7f17326eb000 r--s 0001a000 08:05 9448351                    /home/itadmin/.gradle/wrapper/dists/gradle-2.14.1-all/8bnwg5hd3w55iofp58khbp6yv/gradle-2.14.1/lib/plugins/gradle-platform-jvm-2.14.1.jar
7f17326eb000-7f17326f2000 r--s 00029000 08:05 9448349                    /home/itadmin/.gradle/wrapper/dists/gradle-2.14.1-all/8bnwg5hd3w55iofp58khbp6yv/gradle-2.14.1/lib/plugins/gradle-platform-base-2.14.1.jar
7f17326f2000-7f1732713000 r--s 001c3000 08:05 9448409                    /home/itadmin/.gradle/wrapper/dists/gradle-2.14.1-all/8bnwg5hd3w55iofp58khbp6yv/gradle-2.14.1/lib/plugins/bndlib-2.4.0.jar
7f1732713000-7f1732715000 r--s 00003000 08:05 9448321                    /home/itadmin/.gradle/wrapper/dists/gradle-2.14.1-all/8bnwg5hd3w55iofp58khbp6yv/gradle-2.14.1/lib/plugins/gradle-osgi-2.14.1.jar
7f1732715000-7f1732718000 r--s 0000c000 08:05 9450335                    /home/itadmin/.gradle/wrapper/dists/gradle-2.14.1-all/8bnwg5hd3w55iofp58khbp6yv/gradle-2.14.1/lib/plugins/pmaven-groovy-0.8-20100325.jar
7f1732718000-7f1732719000 r--s 00004000 08:05 9449092                    /home/itadmin/.gradle/wrapper/dists/gradle-2.14.1-all/8bnwg5hd3w55iofp58khbp6yv/gradle-2.14.1/lib/plugins/pmaven-common-0.8-20100325.jar
7f1732719000-7f173271f000 r--s 00022000 08:05 9448322                    /home/itadmin/.gradle/wrapper/dists/gradle-2.14.1-all/8bnwg5hd3w55iofp58khbp6yv/gradle-2.14.1/lib/plugins/gradle-maven-2.14.1.jar
7f173271f000-7f1732721000 r--s 0000a000 08:05 9448359                    /home/itadmin/.gradle/wrapper/dists/gradle-2.14.1-all/8bnwg5hd3w55iofp58khbp6yv/gradle-2.14.1/lib/plugins/gradle-language-scala-2.14.1.jar
7f1732721000-7f1732727000 r--s 0001a000 08:05 9448367                    /home/itadmin/.gradle/wrapper/dists/gradle-2.14.1-all/8bnwg5hd3w55iofp58khbp6yv/gradle-2.14.1/lib/plugins/gradle-language-native-2.14.1.jar
7f1732727000-7f1732729000 r--s 00008000 08:05 9448353                    /home/itadmin/.gradle/wrapper/dists/gradle-2.14.1-all/8bnwg5hd3w55iofp58khbp6yv/gradle-2.14.1/lib/plugins/gradle-language-jvm-2.14.1.jar
7f1732729000-7f173272f000 r--s 00024000 08:05 9448355                    /home/itadmin/.gradle/wrapper/dists/gradle-2.14.1-all/8bnwg5hd3w55iofp58khbp6yv/gradle-2.14.1/lib/plugins/gradle-language-java-2.14.1.jar
7f173272f000-7f1732731000 r--s 0000a000 08:05 9448357                    /home/itadmin/.gradle/wrapper/dists/gradle-2.14.1-all/8bnwg5hd3w55iofp58khbp6yv/gradle-2.14.1/lib/plugins/gradle-language-groovy-2.14.1.jar
7f1732731000-7f1732734000 r--s 0001e000 08:05 9454626                    /home/itadmin/.gradle/wrapper/dists/gradle-2.14.1-all/8bnwg5hd3w55iofp58khbp6yv/gradle-2.14.1/lib/plugins/jsp-api-2.1-6.1.14.jar
7f1732734000-7f1732757000 r--s 00344000 08:05 9454625                    /home/itadmin/.gradle/wrapper/dists/gradle-2.14.1-all/8bnwg5hd3w55iofp58khbp6yv/gradle-2.14.1/lib/plugins/core-3.1.1.jar
7f1732757000-7f1732758000 r--s 00006000 08:05 9454624                    /home/itadmin/.gradle/wrapper/dists/gradle-2.14.1-all/8bnwg5hd3w55iofp58khbp6yv/gradle-2.14.1/lib/plugins/jetty-naming-6.1.25.jar
7f1732758000-7f1732759000 r--s 00002000 08:05 9448407                    /home/itadmin/.gradle/wrapper/dists/gradle-2.14.1-all/8bnwg5hd3w55iofp58khbp6yv/gradle-2.14.1/lib/plugins/geronimo-annotation_1.0_spec-1.0.jar
7f1732759000-7f173275b000 r--s 00002000 08:05 9448405                    /home/itadmin/.gradle/wrapper/dists/gradle-2.14.1-all/8bnwg5hd3w55iofp58khbp6yv/gradle-2.14.1/lib/plugins/jetty-annotations-6.1.25.jar
7f173275b000-7f173276c000 r--s 000ea000 08:05 9448403                    /home/itadmin/.gradle/wrapper/dists/gradle-2.14.1-all/8bnwg5hd3w55iofp58khbp6yv/gradle-2.14.1/lib/plugins/jsp-2.1-6.1.14.jar
7f173276c000-7f173276e000 r--s 0000d000 08:05 9448401                    /home/itadmin/.gradle/wrapper/dists/gradle-2.14.1-all/8bnwg5hd3w55iofp58khbp6yv/gradle-2.14.1/lib/plugins/jetty-plus-6.1.25.jar
7f173276e000-7f1732770000 r--s 0001f000 08:05 9448399                    /home/itadmin/.gradle/wrapper/dists/gradle-2.14.1-all/8bnwg5hd3w55iofp58khbp6yv/gradle-2.14.1/lib/plugins/servlet-api-2.5-20081211.jar
7f1732770000-7f1732774000 r--s 00028000 08:05 9448397                    /home/itadmin/.gradle/wrapper/dists/gradle-2.14.1-all/8bnwg5hd3w55iofp58khbp6yv/gradle-2.14.1/lib/plugins/jetty-util-6.1.25.jar
7f1732774000-7f173277b000 r--s 0007d000 08:05 9448395                    /home/itadmin/.gradle/wrapper/dists/gradle-2.14.1-all/8bnwg5hd3w55iofp58khbp6yv/gradle-2.14.1/lib/plugins/jetty-6.1.25.jar
7f173277b000-7f173277d000 r--s 00009000 08:05 9448319                    /home/itadmin/.gradle/wrapper/dists/gradle-2.14.1-all/8bnwg5hd3w55iofp58khbp6yv/gradle-2.14.1/lib/plugins/gradle-jetty-2.14.1.jar
7f173277d000-7f1732784000 r--s 00035000 08:05 9450597                    /home/itadmin/.gradle/wrapper/dists/gradle-2.14.1-all/8bnwg5hd3w55iofp58khbp6yv/gradle-2.14.1/lib/plugins/simple-4.1.21.jar
7f1732784000-7f1732790000 r--s 00100000 08:05 9450593                    /home/itadmin/.gradle/wrapper/dists/gradle-2.14.1-all/8bnwg5hd3w55iofp58khbp6yv/gradle-2.14.1/lib/plugins/rhino-1.7R3.jar
7f1732790000-7f1732794000 r--s 00011000 08:05 9448333                    /home/itadmin/.gradle/wrapper/dists/gradle-2.14.1-all/8bnwg5hd3w55iofp58khbp6yv/gradle-2.14.1/lib/plugins/gradle-javascript-2.14.1.jar
7f1732794000-7f1732796000 r--s 0000c000 08:05 9448345                    /home/itadmin/.gradle/wrapper/dists/gradle-2.14.1-all/8bnwg5hd3w55iofp58khbp6yv/gradle-2.14.1/lib/plugins/gradle-jacoco-2.14.1.jar
7f1732796000-7f1732799000 r--s 0000e000 08:05 9448343                    /home/itadmin/.gradle/wrapper/dists/gradle-2.14.1-all/8bnwg5hd3w55iofp58khbp6yv/gradle-2.14.1/lib/plugins/gradle-ivy-2.14.1.jar
7f1732799000-7f173279a000 r--s 00002000 08:05 9448365                    /home/itadmin/.gradle/wrapper/dists/gradle-2.14.1-all/8bnwg5hd3w55iofp58khbp6yv/gradle-2.14.1/lib/plugins/gradle-ide-play-2.14.1.jar
7f173279a000-7f173279f000 r--s 0002b000 08:05 9448369                    /home/itadmin/.gradle/wrapper/dists/gradle-2.14.1-all/8bnwg5hd3w55iofp58khbp6yv/gradle-2.14.1/lib/plugins/gradle-ide-native-2.14.1.jar
7f173279f000-7f17327aa000 r--s 00066000 08:05 9448323                    /home/itadmin/.gradle/wrapper/dists/gradle-2.14.1-all/8bnwg5hd3w55iofp58khbp6yv/gradle-2.14.1/lib/plugins/gradle-ide-2.14.1.jar
7f17327aa000-7f17327ab000 r--s 00008000 08:05 9448331                    /home/itadmin/.gradle/wrapper/dists/gradle-2.14.1-all/8bnwg5hd3w55iofp58khbp6yv/gradle-2.14.1/lib/plugins/gradle-ear-2.14.1.jar
7f17327ab000-7f17327b1000 r--s 00032000 08:05 9448337                    /home/itadmin/.gradle/wrapper/dists/gradle-2.14.1-all/8bnwg5hd3w55iofp58khbp6yv/gradle-2.14.1/lib/plugins/gradle-diagnostics-2.14.1.jar
7f17327b1000-7f17327b5000 r--s 00021000 08:05 9448318                    /home/itadmin/.gradle/wrapper/dists/gradle-2.14.1-all/8bnwg5hd3w55iofp58khbp6yv/gradle-2.14.1/lib/plugins/gradle-code-quality-2.14.1.jar
7f17327b5000-7f17327b9000 r--s 0001f000 08:05 9448347                    /home/itadmin/.gradle/wrapper/dists/gradle-2.14.1-all/8bnwg5hd3w55iofp58khbp6yv/gradle-2.14.1/lib/plugins/gradle-build-init-2.14.1.jar
7f17327b9000-7f17327c0000 r--s 0008e000 08:05 9448335                    /home/itadmin/.gradle/wrapper/dists/gradle-2.14.1-all/8bnwg5hd3w55iofp58khbp6yv/gradle-2.14.1/lib/plugins/gradle-build-comparison-2.14.1.jar
7f17327c0000-7f17327c2000 r--s 00008000 08:05 9448320                    /home/itadmin/.gradle/wrapper/dists/gradle-2.14.1-all/8bnwg5hd3w55iofp58khbp6yv/gradle-2.14.1/lib/plugins/gradle-antlr-2.14.1.jar
7f17327c2000-7f17327c4000 r--s 00004000 08:05 9448324                    /home/itadmin/.gradle/wrapper/dists/gradle-2.14.1-all/8bnwg5hd3w55iofp58khbp6yv/gradle-2.14.1/lib/plugins/gradle-announce-2.14.1.jar
7f17327c4000-7f17327dc000 r--s 00115000 08:05 9456510                    /home/itadmin/.gradle/wrapper/dists/gradle-2.14.1-all/8bnwg5hd3w55iofp58khbp6yv/gradle-2.14.1/lib/plugins/xercesImpl-2.9.1.jar
7f17327dc000-7f17327e4000 r--s 00028000 08:05 9456512                    /home/itadmin/.gradle/wrapper/dists/gradle-2.14.1-all/8bnwg5hd3w55iofp58khbp6yv/gradle-2.14.1/lib/plugins/xml-apis-1.3.04.jar
7f17327e4000-7f17327ea000 r--s 0005b000 08:05 9456508                    /home/itadmin/.gradle/wrapper/dists/gradle-2.14.1-all/8bnwg5hd3w55iofp58khbp6yv/gradle-2.14.1/lib/plugins/jcifs-1.3.17.jar
7f17327ea000-7f17327f1000 r--s 00049000 08:05 9456506                    /home/itadmin/.gradle/wrapper/dists/gradle-2.14.1-all/8bnwg5hd3w55iofp58khbp6yv/gradle-2.14.1/lib/plugins/httpcore-4.4.4.jar
7f17327f1000-7f17327f7000 r--s 00033000 08:05 9450587                    /home/itadmin/.gradle/wrapper/dists/gradle-2.14.1-all/8bnwg5hd3w55iofp58khbp6yv/gradle-2.14.1/lib/plugins/commons-codec-1.6.jar
7f17327f7000-7f17327fa000 r--s 0001c000 08:05 9450736                    /home/itadmin/.gradle/wrapper/dists/gradle-2.14.1-all/8bnwg5hd3w55iofp58khbp6yv/gradle-2.14.1/lib/plugins/nekohtml-1.9.14.jar
7f17327fa000-7f1732807000 r--s 000a4000 08:05 9450734                    /home/itadmin/.gradle/wrapper/dists/gradle-2.14.1-all/8bnwg5hd3w55iofp58khbp6yv/gradle-2.14.1/lib/plugins/httpclient-4.4.1.jar
7f1732807000-7f1732809000 r--s 0000a000 08:05 9448381                    /home/itadmin/.gradle/wrapper/dists/gradle-2.14.1-all/8bnwg5hd3w55iofp58khbp6yv/gradle-2.14.1/lib/plugins/gradle-resources-http-2.14.1.jar
7f1732809000-7f173280d000 r--s 00014000 08:05 9448379                    /home/itadmin/.gradle/wrapper/dists/gradle-2.14.1-all/8bnwg5hd3w55iofp58khbp6yv/gradle-2.14.1/lib/plugins/gradle-plugin-use-2.14.1.jar
7f173280d000-7f173280e000 r--s 00000000 08:05 9448268                    /home/itadmin/.gradle/wrapper/dists/gradle-2.14.1-all/8bnwg5hd3w55iofp58khbp6yv/gradle-2.14.1/lib/gradle-installation-beacon-2.14.1.jar
7f173280e000-7f173280f000 r--s 00007000 08:05 9454650                    /home/itadmin/.gradle/wrapper/dists/gradle-2.14.1-all/8bnwg5hd3w55iofp58khbp6yv/gradle-2.14.1/lib/plugins/wagon-http-shared4-2.4.jar
7f173280f000-7f1732813000 r--s 00033000 08:05 9454649                    /home/itadmin/.gradle/wrapper/dists/gradle-2.14.1-all/8bnwg5hd3w55iofp58khbp6yv/gradle-2.14.1/lib/plugins/plexus-utils-2.0.6.jar
7f1732813000-7f1732817000 r--s 00021000 08:05 9454648                    /home/itadmin/.gradle/wrapper/dists/gradle-2.14.1-all/8bnwg5hd3w55iofp58khbp6yv/gradle-2.14.1/lib/plugins/maven-model-builder-3.0.4.jar
7f1732817000-7f1732818000 r--s 00002000 08:05 9454647                    /home/itadmin/.gradle/wrapper/dists/gradle-2.14.1-all/8bnwg5hd3w55iofp58khbp6yv/gradle-2.14.1/lib/plugins/wagon-file-2.4.jar
7f1732818000-7f173281a000 r--s 00002000 08:05 9454646                    /home/itadmin/.gradle/wrapper/dists/gradle-2.14.1-all/8bnwg5hd3w55iofp58khbp6yv/gradle-2.14.1/lib/plugins/plexus-cipher-1.7.jar
7f173281a000-7f173281d000 r--s 00013000 08:05 9454645                    /home/itadmin/.gradle/wrapper/dists/gradle-2.14.1-all/8bnwg5hd3w55iofp58khbp6yv/gradle-2.14.1/lib/plugins/aether-api-1.13.1.jar
7f173281d000-7f173281f000 r--s 0000a000 08:05 9454644                    /home/itadmin/.gradle/wrapper/dists/gradle-2.14.1-all/8bnwg5hd3w55iofp58khbp6yv/gradle-2.14.1/lib/plugins/maven-settings-3.0.4.jar
7f173281f000-7f1732821000 r--s 0000d000 08:05 9454643                    /home/itadmin/.gradle/wrapper/dists/gradle-2.14.1-all/8bnwg5hd3w55iofp58khbp6yv/gradle-2.14.1/lib/plugins/plexus-interpolation-1.14.jar
7f1732821000-7f1732823000 r--s 0000b000 08:05 9454642                    /home/itadmin/.gradle/wrapper/dists/gradle-2.14.1-all/8bnwg5hd3w55iofp58khbp6yv/gradle-2.14.1/lib/plugins/maven-artifact-3.0.4.jar
7f1732823000-7f173282a000 r--s 0002e000 08:05 9454641                    /home/itadmin/.gradle/wrapper/dists/gradle-2.14.1-all/8bnwg5hd3w55iofp58khbp6yv/gradle-2.14.1/lib/plugins/plexus-container-default-1.5.5.jar
7f173282a000-7f173282c000 r--s 0000b000 08:05 9454640                    /home/itadmin/.gradle/wrapper/dists/gradle-2.14.1-all/8bnwg5hd3w55iofp58khbp6yv/gradle-2.14.1/lib/plugins/maven-plugin-api-3.0.4.jar
7f173282c000-7f173282e000 r--s 00000000 08:05 9456514                    /home/itadmin/.gradle/wrapper/dists/gradle-2.14.1-all/8bnwg5hd3w55iofp58khbp6yv/gradle-2.14.1/lib/plugins/plexus-component-annotations-1.5.5.jar
7f173282e000-7f1732834000 r--s 0003f000 08:05 9454639                    /home/itadmin/.gradle/wrapper/dists/gradle-2.14.1-all/8bnwg5hd3w55iofp58khbp6yv/gradle-2.14.1/lib/plugins/maven-compat-3.0.4.jar
7f1732834000-7f1732837000 r--s 00008000 08:05 9454638                    /home/itadmin/.gradle/wrapper/dists/gradle-2.14.1-all/8bnwg5hd3w55iofp58khbp6yv/gradle-2.14.1/lib/plugins/maven-settings-builder-3.0.4.jar
7f1732837000-7f1732838000 r--s 00002000 08:05 9454637                    /home/itadmin/.gradle/wrapper/dists/gradle-2.14.1-all/8bnwg5hd3w55iofp58khbp6yv/gradle-2.14.1/lib/plugins/wagon-http-2.4.jar
7f1732838000-7f173283a000 r--s 00026000 08:05 9454636                    /home/itadmin/.gradle/wrapper/dists/gradle-2.14.1-all/8bnwg5hd3w55iofp58khbp6yv/gradle-2.14.1/lib/plugins/maven-model-3.0.4.jar
7f173283a000-7f173283c000 r--s 00006000 08:05 9454635                    /home/itadmin/.gradle/wrapper/dists/gradle-2.14.1-all/8bnwg5hd3w55iofp58khbp6yv/gradle-2.14.1/lib/plugins/aether-connector-wagon-1.13.1.jar
7f173283c000-7f173283e000 r--s 0000a000 08:05 9454634                    /home/itadmin/.gradle/wrapper/dists/gradle-2.14.1-all/8bnwg5hd3w55iofp58khbp6yv/gradle-2.14.1/lib/plugins/plexus-classworlds-2.4.jar
7f173283e000-7f1732840000 r--s 00006000 08:05 9454633                    /home/itadmin/.gradle/wrapper/dists/gradle-2.14.1-all/8bnwg5hd3w55iofp58khbp6yv/gradle-2.14.1/lib/plugins/maven-repository-metadata-3.0.4.jar
7f1732840000-7f1732842000 r--s 0000c000 08:05 9454632                    /home/itadmin/.gradle/wrapper/dists/gradle-2.14.1-all/8bnwg5hd3w55iofp58khbp6yv/gradle-2.14.1/lib/plugins/maven-aether-provider-3.0.4.jar
7f1732842000-7f1732844000 r--s 0000b000 08:05 9454631                    /home/itadmin/.gradle/wrapper/dists/gradle-2.14.1-all/8bnwg5hd3w55iofp58khbp6yv/gradle-2.14.1/lib/plugins/wagon-provider-api-2.4.jar
7f1732844000-7f1732848000 r--s 0001c000 08:05 9454629                    /home/itadmin/.gradle/wrapper/dists/gradle-2.14.1-all/8bnwg5hd3w55iofp58khbp6yv/gradle-2.14.1/lib/plugins/aether-util-1.13.1.jar
7f1732848000-7f173284b000 r--s 0001d000 08:05 9454628                    /home/itadmin/.gradle/wrapper/dists/gradle-2.14.1-all/8bnwg5hd3w55iofp58khbp6yv/gradle-2.14.1/lib/plugins/aether-impl-1.13.1.jar
7f173284b000-7f1732850000 r--s 00040000 08:05 9450738                    /home/itadmin/.gradle/wrapper/dists/gradle-2.14.1-all/8bnwg5hd3w55iofp58khbp6yv/gradle-2.14.1/lib/plugins/jsch-0.1.53.jar
7f1732850000-7f1732890000 r--s 00277000 08:05 9454623                    /home/itadmin/.gradle/wrapper/dists/gradle-2.14.1-all/8bnwg5hd3w55iofp58khbp6yv/gradle-2.14.1/lib/plugins/bcprov-jdk15on-1.51.jar
7f1732890000-7f1732894000 r--s 0001d000 08:05 9454622                    /home/itadmin/.gradle/wrapper/dists/gradle-2.14.1-all/8bnwg5hd3w55iofp58khbp6yv/gradle-2.14.1/lib/plugins/xbean-reflect-3.4.jar
7f1732894000-7f17328a0000 r--s 0007d000 08:05 9448411                    /home/itadmin/.gradle/wrapper/dists/gradle-2.14.1-all/8bnwg5hd3w55iofp58khbp6yv/gradle-2.14.1/lib/plugins/maven-core-3.0.4.jar
7f17328a0000-7f17328af000 r--s 000d9000 08:05 9454621                    /home/itadmin/.gradle/wrapper/dists/gradle-2.14.1-all/8bnwg5hd3w55iofp58khbp6yv/gradle-2.14.1/lib/plugins/ivy-2.2.0.jar
7f17328af000-7f17328c5000 r-xp 00000000 08:05 2101744                    /lib/x86_64-linux-gnu/libgcc_s.so.1
7f17328c5000-7f1732ac4000 ---p 00016000 08:05 2101744                    /lib/x86_64-linux-gnu/libgcc_s.so.1
7f1732ac4000-7f1732ac5000 rw-p 00015000 08:05 2101744                    /lib/x86_64-linux-gnu/libgcc_s.so.1
7f1732ac5000-7f1732c37000 r-xp 00000000 08:05 7739579                    /usr/lib/x86_64-linux-gnu/libstdc++.so.6.0.21
7f1732c37000-7f1732e37000 ---p 00172000 08:05 7739579                    /usr/lib/x86_64-linux-gnu/libstdc++.so.6.0.21
7f1732e37000-7f1732e41000 r--p 00172000 08:05 7739579                    /usr/lib/x86_64-linux-gnu/libstdc++.so.6.0.21
7f1732e41000-7f1732e43000 rw-p 0017c000 08:05 7739579                    /usr/lib/x86_64-linux-gnu/libstdc++.so.6.0.21
7f1732e43000-7f1732e47000 rw-p 00000000 00:00 0 
7f1732e47000-7f1732e48000 r--s 00003000 08:05 9454630                    /home/itadmin/.gradle/wrapper/dists/gradle-2.14.1-all/8bnwg5hd3w55iofp58khbp6yv/gradle-2.14.1/lib/plugins/aether-spi-1.13.1.jar
7f1732e48000-7f1732e49000 r--s 00006000 08:05 9454627                    /home/itadmin/.gradle/wrapper/dists/gradle-2.14.1-all/8bnwg5hd3w55iofp58khbp6yv/gradle-2.14.1/lib/plugins/plexus-sec-dispatcher-1.3.jar
7f1732e49000-7f1732e4e000 r--s 0002a000 08:05 9450595                    /home/itadmin/.gradle/wrapper/dists/gradle-2.14.1-all/8bnwg5hd3w55iofp58khbp6yv/gradle-2.14.1/lib/plugins/gson-2.2.4.jar
7f1732e4e000-7f1732e6a000 r--s 000d3000 08:05 9448389                    /home/itadmin/.gradle/wrapper/dists/gradle-2.14.1-all/8bnwg5hd3w55iofp58khbp6yv/gradle-2.14.1/lib/plugins/gradle-dependency-management-2.14.1.jar
7f1732e6a000-7f1732e6e000 r-xp 00000000 08:05 138442                     /home/itadmin/.gradle/native/19/linux-amd64/libnative-platform.so
7f1732e6e000-7f173306d000 ---p 00004000 08:05 138442                     /home/itadmin/.gradle/native/19/linux-amd64/libnative-platform.so
7f173306d000-7f173306e000 rw-p 00003000 08:05 138442                     /home/itadmin/.gradle/native/19/linux-amd64/libnative-platform.so
7f173306e000-7f173307f000 r-xp 00000000 08:05 791405                     /usr/lib/jvm/java-8-oracle/jre/lib/amd64/libnio.so
7f173307f000-7f173327e000 ---p 00011000 08:05 791405                     /usr/lib/jvm/java-8-oracle/jre/lib/amd64/libnio.so
7f173327e000-7f173327f000 rw-p 00010000 08:05 791405                     /usr/lib/jvm/java-8-oracle/jre/lib/amd64/libnio.so
7f173327f000-7f1733580000 rw-p 00000000 00:00 0 
7f1733580000-7f1733596000 r-xp 00000000 08:05 791380                     /usr/lib/jvm/java-8-oracle/jre/lib/amd64/libnet.so
7f1733596000-7f1733796000 ---p 00016000 08:05 791380                     /usr/lib/jvm/java-8-oracle/jre/lib/amd64/libnet.so
7f1733796000-7f1733797000 rw-p 00016000 08:05 791380                     /usr/lib/jvm/java-8-oracle/jre/lib/amd64/libnet.so
7f1733797000-7f1733799000 r--s 00005000 08:05 9448267                    /home/itadmin/.gradle/wrapper/dists/gradle-2.14.1-all/8bnwg5hd3w55iofp58khbp6yv/gradle-2.14.1/lib/gradle-wrapper-2.14.1.jar
7f1733799000-7f17337a7000 r--s 0004f000 08:05 9448274                    /home/itadmin/.gradle/wrapper/dists/gradle-2.14.1-all/8bnwg5hd3w55iofp58khbp6yv/gradle-2.14.1/lib/gradle-tooling-api-2.14.1.jar
7f17337a7000-7f17337a9000 r--s 00002000 08:05 9448294                    /home/itadmin/.gradle/wrapper/dists/gradle-2.14.1-all/8bnwg5hd3w55iofp58khbp6yv/gradle-2.14.1/lib/gradle-open-api-2.14.1.jar
7f17337a9000-7f17337af000 r--s 00032000 08:05 9448296                    /home/itadmin/.gradle/wrapper/dists/gradle-2.14.1-all/8bnwg5hd3w55iofp58khbp6yv/gradle-2.14.1/lib/jaxen-1.1.jar
7f17337af000-7f17337b4000 r--s 00048000 08:05 9448295                    /home/itadmin/.gradle/wrapper/dists/gradle-2.14.1-all/8bnwg5hd3w55iofp58khbp6yv/gradle-2.14.1/lib/dom4j-1.6.1.jar
7f17337b4000-7f1733823000 r--s 0063e000 08:05 9448280                    /home/itadmin/.gradle/wrapper/dists/gradle-2.14.1-all/8bnwg5hd3w55iofp58khbp6yv/gradle-2.14.1/lib/groovy-all-2.4.4.jar
7f1733823000-7f1733824000 ---p 00000000 00:00 0 
7f1733824000-7f1733924000 rw-p 00000000 00:00 0 
7f1733924000-7f1733927000 ---p 00000000 00:00 0 
7f1733927000-7f1733a25000 rw-p 00000000 00:00 0 
7f1733a25000-7f1733a28000 ---p 00000000 00:00 0 
7f1733a28000-7f1733b26000 rw-p 00000000 00:00 0 
7f1733b26000-7f1733b29000 ---p 00000000 00:00 0 
7f1733b29000-7f1733c27000 rw-p 00000000 00:00 0 
7f1733c27000-7f1733c2a000 ---p 00000000 00:00 0 
7f1733c2a000-7f1733d28000 rw-p 00000000 00:00 0 
7f1733d28000-7f1734000000 r--p 00000000 08:05 7736964                    /usr/lib/locale/locale-archive
7f1734000000-7f1734021000 rw-p 00000000 00:00 0 
7f1734021000-7f1738000000 ---p 00000000 00:00 0 
7f1738000000-7f1738021000 rw-p 00000000 00:00 0 
7f1738021000-7f173c000000 ---p 00000000 00:00 0 
7f173c000000-7f173c069000 rw-p 00000000 00:00 0 
7f173c069000-7f1740000000 ---p 00000000 00:00 0 
7f1740000000-7f17402a2000 rw-p 00000000 00:00 0 
7f17402a2000-7f1744000000 ---p 00000000 00:00 0 
7f1744000000-7f1744068000 rw-p 00000000 00:00 0 
7f1744068000-7f1748000000 ---p 00000000 00:00 0 
7f1748000000-7f174800b000 r--s 00059000 08:05 9448273                    /home/itadmin/.gradle/wrapper/dists/gradle-2.14.1-all/8bnwg5hd3w55iofp58khbp6yv/gradle-2.14.1/lib/gradle-ui-2.14.1.jar
7f174800b000-7f174800e000 r--s 0000b000 08:05 9448292                    /home/itadmin/.gradle/wrapper/dists/gradle-2.14.1-all/8bnwg5hd3w55iofp58khbp6yv/gradle-2.14.1/lib/gradle-resources-2.14.1.jar
7f174800e000-7f1748010000 r--s 00003000 08:05 9448304                    /home/itadmin/.gradle/wrapper/dists/gradle-2.14.1-all/8bnwg5hd3w55iofp58khbp6yv/gradle-2.14.1/lib/jcl-over-slf4j-1.7.10.jar
7f1748010000-7f1748011000 r--s 00005000 08:05 9448303                    /home/itadmin/.gradle/wrapper/dists/gradle-2.14.1-all/8bnwg5hd3w55iofp58khbp6yv/gradle-2.14.1/lib/log4j-over-slf4j-1.7.10.jar
7f1748011000-7f1748013000 r--s 00000000 08:05 9448302                    /home/itadmin/.gradle/wrapper/dists/gradle-2.14.1-all/8bnwg5hd3w55iofp58khbp6yv/gradle-2.14.1/lib/jul-to-slf4j-1.7.10.jar
7f1748013000-7f1748018000 r--s 0001c000 08:05 9448291                    /home/itadmin/.gradle/wrapper/dists/gradle-2.14.1-all/8bnwg5hd3w55iofp58khbp6yv/gradle-2.14.1/lib/gradle-logging-2.14.1.jar
7f1748018000-7f174801a000 r--s 00007000 08:05 9448315                    /home/itadmin/.gradle/wrapper/dists/gradle-2.14.1-all/8bnwg5hd3w55iofp58khbp6yv/gradle-2.14.1/lib/objenesis-1.2.jar
7f174801a000-7f174801c000 r--s 00000000 08:05 9448314                    /home/itadmin/.gradle/wrapper/dists/gradle-2.14.1-all/8bnwg5hd3w55iofp58khbp6yv/gradle-2.14.1/lib/minlog-1.2.jar
7f174801c000-7f174801e000 r--s 0000f000 08:05 9448313                    /home/itadmin/.gradle/wrapper/dists/gradle-2.14.1-all/8bnwg5hd3w55iofp58khbp6yv/gradle-2.14.1/lib/reflectasm-1.07-shaded.jar
7f174801e000-7f1748022000 r--s 00026000 08:05 9448301                    /home/itadmin/.gradle/wrapper/dists/gradle-2.14.1-all/8bnwg5hd3w55iofp58khbp6yv/gradle-2.14.1/lib/kryo-2.20.jar
7f1748022000-7f1748028000 r--s 00025000 08:05 9448290                    /home/itadmin/.gradle/wrapper/dists/gradle-2.14.1-all/8bnwg5hd3w55iofp58khbp6yv/gradle-2.14.1/lib/gradle-messaging-2.14.1.jar
7f1748028000-7f1748029000 r--s 00003000 08:05 9448312                    /home/itadmin/.gradle/wrapper/dists/gradle-2.14.1-all/8bnwg5hd3w55iofp58khbp6yv/gradle-2.14.1/lib/native-platform-freebsd-amd64-0.10.jar
7f1748029000-7f174802a000 r--s 00003000 08:05 9448311                    /home/itadmin/.gradle/wrapper/dists/gradle-2.14.1-all/8bnwg5hd3w55iofp58khbp6yv/gradle-2.14.1/lib/native-platform-freebsd-i386-0.10.jar
7f174802a000-7f174802b000 r--s 00005000 08:05 9448310                    /home/itadmin/.gradle/wrapper/dists/gradle-2.14.1-all/8bnwg5hd3w55iofp58khbp6yv/gradle-2.14.1/lib/native-platform-windows-i386-0.10.jar
7f174802b000-7f174802c000 r--s 00005000 08:05 9448309                    /home/itadmin/.gradle/wrapper/dists/gradle-2.14.1-all/8bnwg5hd3w55iofp58khbp6yv/gradle-2.14.1/lib/native-platform-windows-amd64-0.10.jar
7f174802c000-7f174802d000 r--s 00003000 08:05 9448308                    /home/itadmin/.gradle/wrapper/dists/gradle-2.14.1-all/8bnwg5hd3w55iofp58khbp6yv/gradle-2.14.1/lib/native-platform-linux-i386-0.10.jar
7f174802d000-7f174802e000 r--s 00003000 08:05 9448307                    /home/itadmin/.gradle/wrapper/dists/gradle-2.14.1-all/8bnwg5hd3w55iofp58khbp6yv/gradle-2.14.1/lib/native-platform-linux-amd64-0.10.jar
7f174802e000-7f174802f000 r--s 00002000 08:05 9448306                    /home/itadmin/.gradle/wrapper/dists/gradle-2.14.1-all/8bnwg5hd3w55iofp58khbp6yv/gradle-2.14.1/lib/native-platform-osx-amd64-0.10.jar
7f174802f000-7f1748031000 r--s 00008000 08:05 9448299                    /home/itadmin/.gradle/wrapper/dists/gradle-2.14.1-all/8bnwg5hd3w55iofp58khbp6yv/gradle-2.14.1/lib/jansi-1.2.1.jar
7f1748031000-7f1748040000 r--s 00080000 08:05 9448281                    /home/itadmin/.gradle/wrapper/dists/gradle-2.14.1-all/8bnwg5hd3w55iofp58khbp6yv/gradle-2.14.1/lib/gradle-model-core-2.14.1.jar
7f1748040000-7f174804d000 r--s 00083000 08:05 9448285                    /home/itadmin/.gradle/wrapper/dists/gradle-2.14.1-all/8bnwg5hd3w55iofp58khbp6yv/gradle-2.14.1/lib/commons-collections-3.2.2.jar
7f174804d000-7f1748075000 r--s 001cf000 08:05 9448277                    /home/itadmin/.gradle/wrapper/dists/gradle-2.14.1-all/8bnwg5hd3w55iofp58khbp6yv/gradle-2.14.1/lib/guava-jdk5-17.0.jar
7f1748075000-7f1748094000 r--s 001d1000 08:05 9448284                    /home/itadmin/.gradle/wrapper/dists/gradle-2.14.1-all/8bnwg5hd3w55iofp58khbp6yv/gradle-2.14.1/lib/ant-1.9.6.jar
7f1748094000-7f17480cb000 r--s 001bd000 08:05 9448271                    /home/itadmin/.gradle/wrapper/dists/gradle-2.14.1-all/8bnwg5hd3w55iofp58khbp6yv/gradle-2.14.1/lib/gradle-core-2.14.1.jar
7f17480cb000-7f17480ce000 ---p 00000000 00:00 0 
7f17480ce000-7f17481cc000 rw-p 00000000 00:00 0 
7f17481cc000-7f17481cf000 ---p 00000000 00:00 0 
7f17481cf000-7f17482cd000 rw-p 00000000 00:00 0 
7f17482cd000-7f17482ce000 ---p 00000000 00:00 0 
7f17482ce000-7f1748d26000 rw-p 00000000 00:00 0 
7f1748d26000-7f1748efe000 r--s 03d2a000 08:05 791372                     /usr/lib/jvm/java-8-oracle/jre/lib/rt.jar
7f1748efe000-7f174c9fe000 rw-p 00000000 00:00 0 
7f174c9fe000-7f174c9ff000 ---p 00000000 00:00 0 
7f174c9ff000-7f174cb2e000 rw-p 00000000 00:00 0 
7f174cb2e000-7f174ccff000 ---p 00000000 00:00 0 
7f174ccff000-7f174cd2e000 rw-p 00000000 00:00 0 
7f174cd2e000-7f174ceff000 ---p 00000000 00:00 0 
7f174ceff000-7f174cfd2000 rw-p 00000000 00:00 0 
7f174cfd2000-7f174cfff000 ---p 00000000 00:00 0 
7f174cfff000-7f174d000000 rw-p 00000000 00:00 0 
7f174d000000-7f174f0a0000 rwxp 00000000 00:00 0 
7f174f0a0000-7f175c000000 ---p 00000000 00:00 0 
7f175c000000-7f175cea4000 rw-p 00000000 00:00 0 
7f175cea4000-7f1760000000 ---p 00000000 00:00 0 
7f1760000000-7f1760003000 r--s 0000d000 08:05 9448298                    /home/itadmin/.gradle/wrapper/dists/gradle-2.14.1-all/8bnwg5hd3w55iofp58khbp6yv/gradle-2.14.1/lib/native-platform-0.10.jar
7f1760003000-7f1760007000 r--s 000e4000 08:05 9448297                    /home/itadmin/.gradle/wrapper/dists/gradle-2.14.1-all/8bnwg5hd3w55iofp58khbp6yv/gradle-2.14.1/lib/jna-3.2.7.jar
7f1760007000-7f1760009000 r--s 00009000 08:05 9448275                    /home/itadmin/.gradle/wrapper/dists/gradle-2.14.1-all/8bnwg5hd3w55iofp58khbp6yv/gradle-2.14.1/lib/gradle-native-2.14.1.jar
7f1760009000-7f176000b000 r--s 00005000 08:05 9448272                    /home/itadmin/.gradle/wrapper/dists/gradle-2.14.1-all/8bnwg5hd3w55iofp58khbp6yv/gradle-2.14.1/lib/gradle-cli-2.14.1.jar
7f176000b000-7f17600c3000 rw-p 00000000 00:00 0 
7f17600c3000-7f17600c4000 ---p 00000000 00:00 0 
7f17600c4000-7f1760247000 rw-p 00000000 00:00 0 
7f1760247000-7f1760584000 ---p 00000000 00:00 0 
7f1760584000-7f176059e000 r-xp 00000000 08:05 791403                     /usr/lib/jvm/java-8-oracle/jre/lib/amd64/libzip.so
7f176059e000-7f176079e000 ---p 0001a000 08:05 791403                     /usr/lib/jvm/java-8-oracle/jre/lib/amd64/libzip.so
7f176079e000-7f176079f000 rw-p 0001a000 08:05 791403                     /usr/lib/jvm/java-8-oracle/jre/lib/amd64/libzip.so
7f176079f000-7f17607aa000 r-xp 00000000 08:05 2101645                    /lib/x86_64-linux-gnu/libnss_files-2.23.so
7f17607aa000-7f17609a9000 ---p 0000b000 08:05 2101645                    /lib/x86_64-linux-gnu/libnss_files-2.23.so
7f17609a9000-7f17609aa000 r--p 0000a000 08:05 2101645                    /lib/x86_64-linux-gnu/libnss_files-2.23.so
7f17609aa000-7f17609ab000 rw-p 0000b000 08:05 2101645                    /lib/x86_64-linux-gnu/libnss_files-2.23.so
7f17609ab000-7f17609b1000 rw-p 00000000 00:00 0 
7f17609b1000-7f17609bc000 r-xp 00000000 08:05 2101636                    /lib/x86_64-linux-gnu/libnss_nis-2.23.so
7f17609bc000-7f1760bbb000 ---p 0000b000 08:05 2101636                    /lib/x86_64-linux-gnu/libnss_nis-2.23.so
7f1760bbb000-7f1760bbc000 r--p 0000a000 08:05 2101636                    /lib/x86_64-linux-gnu/libnss_nis-2.23.so
7f1760bbc000-7f1760bbd000 rw-p 0000b000 08:05 2101636                    /lib/x86_64-linux-gnu/libnss_nis-2.23.so
7f1760bbd000-7f1760bd3000 r-xp 00000000 08:05 2101633                    /lib/x86_64-linux-gnu/libnsl-2.23.so
7f1760bd3000-7f1760dd2000 ---p 00016000 08:05 2101633                    /lib/x86_64-linux-gnu/libnsl-2.23.so
7f1760dd2000-7f1760dd3000 r--p 00015000 08:05 2101633                    /lib/x86_64-linux-gnu/libnsl-2.23.so
7f1760dd3000-7f1760dd4000 rw-p 00016000 08:05 2101633                    /lib/x86_64-linux-gnu/libnsl-2.23.so
7f1760dd4000-7f1760dd6000 rw-p 00000000 00:00 0 
7f1760dd6000-7f1760dde000 r-xp 00000000 08:05 2101629                    /lib/x86_64-linux-gnu/libnss_compat-2.23.so
7f1760dde000-7f1760fdd000 ---p 00008000 08:05 2101629                    /lib/x86_64-linux-gnu/libnss_compat-2.23.so
7f1760fdd000-7f1760fde000 r--p 00007000 08:05 2101629                    /lib/x86_64-linux-gnu/libnss_compat-2.23.so
7f1760fde000-7f1760fdf000 rw-p 00008000 08:05 2101629                    /lib/x86_64-linux-gnu/libnss_compat-2.23.so
7f1760fdf000-7f176100a000 r-xp 00000000 08:05 791430                     /usr/lib/jvm/java-8-oracle/jre/lib/amd64/libjava.so
7f176100a000-7f1761209000 ---p 0002b000 08:05 791430                     /usr/lib/jvm/java-8-oracle/jre/lib/amd64/libjava.so
7f1761209000-7f176120b000 rw-p 0002a000 08:05 791430                     /usr/lib/jvm/java-8-oracle/jre/lib/amd64/libjava.so
7f176120b000-7f1761218000 r-xp 00000000 08:05 791381                     /usr/lib/jvm/java-8-oracle/jre/lib/amd64/libverify.so
7f1761218000-7f1761417000 ---p 0000d000 08:05 791381                     /usr/lib/jvm/java-8-oracle/jre/lib/amd64/libverify.so
7f1761417000-7f1761419000 rw-p 0000c000 08:05 791381                     /usr/lib/jvm/java-8-oracle/jre/lib/amd64/libverify.so
7f1761419000-7f1761420000 r-xp 00000000 08:05 2101845                    /lib/x86_64-linux-gnu/librt-2.23.so
7f1761420000-7f176161f000 ---p 00007000 08:05 2101845                    /lib/x86_64-linux-gnu/librt-2.23.so
7f176161f000-7f1761620000 r--p 00006000 08:05 2101845                    /lib/x86_64-linux-gnu/librt-2.23.so
7f1761620000-7f1761621000 rw-p 00007000 08:05 2101845                    /lib/x86_64-linux-gnu/librt-2.23.so
7f1761621000-7f1761729000 r-xp 00000000 08:05 2101842                    /lib/x86_64-linux-gnu/libm-2.23.so
7f1761729000-7f1761928000 ---p 00108000 08:05 2101842                    /lib/x86_64-linux-gnu/libm-2.23.so
7f1761928000-7f1761929000 r--p 00107000 08:05 2101842                    /lib/x86_64-linux-gnu/libm-2.23.so
7f1761929000-7f176192a000 rw-p 00108000 08:05 2101842                    /lib/x86_64-linux-gnu/libm-2.23.so
7f176192a000-7f17625f7000 r-xp 00000000 08:05 791434                     /usr/lib/jvm/java-8-oracle/jre/lib/amd64/server/libjvm.so
7f17625f7000-7f17627f6000 ---p 00ccd000 08:05 791434                     /usr/lib/jvm/java-8-oracle/jre/lib/amd64/server/libjvm.so
7f17627f6000-7f17628cf000 rw-p 00ccc000 08:05 791434                     /usr/lib/jvm/java-8-oracle/jre/lib/amd64/server/libjvm.so
7f17628cf000-7f176291a000 rw-p 00000000 00:00 0 
7f176291a000-7f1762ad9000 r-xp 00000000 08:05 2103849                    /lib/x86_64-linux-gnu/libc-2.23.so
7f1762ad9000-7f1762cd9000 ---p 001bf000 08:05 2103849                    /lib/x86_64-linux-gnu/libc-2.23.so
7f1762cd9000-7f1762cdd000 r--p 001bf000 08:05 2103849                    /lib/x86_64-linux-gnu/libc-2.23.so
7f1762cdd000-7f1762cdf000 rw-p 001c3000 08:05 2103849                    /lib/x86_64-linux-gnu/libc-2.23.so
7f1762cdf000-7f1762ce3000 rw-p 00000000 00:00 0 
7f1762ce3000-7f1762ce6000 r-xp 00000000 08:05 2103850                    /lib/x86_64-linux-gnu/libdl-2.23.so
7f1762ce6000-7f1762ee5000 ---p 00003000 08:05 2103850                    /lib/x86_64-linux-gnu/libdl-2.23.so
7f1762ee5000-7f1762ee6000 r--p 00002000 08:05 2103850                    /lib/x86_64-linux-gnu/libdl-2.23.so
7f1762ee6000-7f1762ee7000 rw-p 00003000 08:05 2103850                    /lib/x86_64-linux-gnu/libdl-2.23.so
7f1762ee7000-7f1762efc000 r-xp 00000000 08:05 9175908                    /usr/lib/jvm/java-8-oracle/lib/amd64/jli/libjli.so
7f1762efc000-7f17630fc000 ---p 00015000 08:05 9175908                    /usr/lib/jvm/java-8-oracle/lib/amd64/jli/libjli.so
7f17630fc000-7f17630fd000 rw-p 00015000 08:05 9175908                    /usr/lib/jvm/java-8-oracle/lib/amd64/jli/libjli.so
7f17630fd000-7f1763115000 r-xp 00000000 08:05 2103848                    /lib/x86_64-linux-gnu/libpthread-2.23.so
7f1763115000-7f1763314000 ---p 00018000 08:05 2103848                    /lib/x86_64-linux-gnu/libpthread-2.23.so
7f1763314000-7f1763315000 r--p 00017000 08:05 2103848                    /lib/x86_64-linux-gnu/libpthread-2.23.so
7f1763315000-7f1763316000 rw-p 00018000 08:05 2103848                    /lib/x86_64-linux-gnu/libpthread-2.23.so
7f1763316000-7f176331a000 rw-p 00000000 00:00 0 
7f176331a000-7f1763340000 r-xp 00000000 08:05 2101872                    /lib/x86_64-linux-gnu/ld-2.23.so
7f1763340000-7f1763341000 r--s 00002000 08:05 9448305                    /home/itadmin/.gradle/wrapper/dists/gradle-2.14.1-all/8bnwg5hd3w55iofp58khbp6yv/gradle-2.14.1/lib/native-platform-osx-i386-0.10.jar
7f1763341000-7f1763343000 r--s 00007000 08:05 9448282                    /home/itadmin/.gradle/wrapper/dists/gradle-2.14.1-all/8bnwg5hd3w55iofp58khbp6yv/gradle-2.14.1/lib/gradle-model-groovy-2.14.1.jar
7f1763343000-7f1763344000 r--s 00006000 08:05 9448289                    /home/itadmin/.gradle/wrapper/dists/gradle-2.14.1-all/8bnwg5hd3w55iofp58khbp6yv/gradle-2.14.1/lib/gradle-base-services-groovy-2.14.1.jar
7f1763344000-7f1763345000 r--s 00002000 08:05 9448293                    /home/itadmin/.gradle/wrapper/dists/gradle-2.14.1-all/8bnwg5hd3w55iofp58khbp6yv/gradle-2.14.1/lib/gradle-docs-2.14.1.jar
7f1763345000-7f1763349000 r--s 00027000 08:05 9448286                    /home/itadmin/.gradle/wrapper/dists/gradle-2.14.1-all/8bnwg5hd3w55iofp58khbp6yv/gradle-2.14.1/lib/commons-io-2.2.jar
7f1763349000-7f176334e000 r--s 00038000 08:05 9448283                    /home/itadmin/.gradle/wrapper/dists/gradle-2.14.1-all/8bnwg5hd3w55iofp58khbp6yv/gradle-2.14.1/lib/asm-all-5.1.jar
7f176334e000-7f1763353000 r--s 00041000 08:05 9448278                    /home/itadmin/.gradle/wrapper/dists/gradle-2.14.1-all/8bnwg5hd3w55iofp58khbp6yv/gradle-2.14.1/lib/commons-lang-2.6.jar
7f1763353000-7f1763415000 rw-p 00000000 00:00 0 
7f1763415000-7f1763418000 ---p 00000000 00:00 0 
7f1763418000-7f176351a000 rw-p 00000000 00:00 0 
7f176351a000-7f176351b000 r--s 00000000 08:05 9448288                    /home/itadmin/.gradle/wrapper/dists/gradle-2.14.1-all/8bnwg5hd3w55iofp58khbp6yv/gradle-2.14.1/lib/javax.inject-1.jar
7f176351b000-7f176351c000 r--s 00000000 08:05 9448287                    /home/itadmin/.gradle/wrapper/dists/gradle-2.14.1-all/8bnwg5hd3w55iofp58khbp6yv/gradle-2.14.1/lib/jcip-annotations-1.0.jar
7f176351c000-7f176351d000 r--s 00001000 08:05 9448279                    /home/itadmin/.gradle/wrapper/dists/gradle-2.14.1-all/8bnwg5hd3w55iofp58khbp6yv/gradle-2.14.1/lib/gradle-process-services-2.14.1.jar
7f176351d000-7f176351e000 r--s 00000000 08:05 9448270                    /home/itadmin/.gradle/wrapper/dists/gradle-2.14.1-all/8bnwg5hd3w55iofp58khbp6yv/gradle-2.14.1/lib/gradle-jvm-services-2.14.1.jar
7f176351e000-7f176351f000 r--s 00007000 08:05 9448276                    /home/itadmin/.gradle/wrapper/dists/gradle-2.14.1-all/8bnwg5hd3w55iofp58khbp6yv/gradle-2.14.1/lib/slf4j-api-1.7.10.jar
7f176351f000-7f1763520000 r--s 00004000 08:05 9448300                    /home/itadmin/.gradle/wrapper/dists/gradle-2.14.1-all/8bnwg5hd3w55iofp58khbp6yv/gradle-2.14.1/lib/ant-launcher-1.9.6.jar
7f1763520000-7f1763528000 r--s 0003a000 08:05 9448269                    /home/itadmin/.gradle/wrapper/dists/gradle-2.14.1-all/8bnwg5hd3w55iofp58khbp6yv/gradle-2.14.1/lib/gradle-base-services-2.14.1.jar
7f1763528000-7f1763533000 r--s 00051000 08:05 9448266                    /home/itadmin/.gradle/wrapper/dists/gradle-2.14.1-all/8bnwg5hd3w55iofp58khbp6yv/gradle-2.14.1/lib/gradle-launcher-2.14.1.jar
7f1763533000-7f176353b000 rw-s 00000000 08:05 7085366                    /tmp/hsperfdata_itadmin/17032
7f176353b000-7f176353c000 rw-p 00000000 00:00 0 
7f176353c000-7f176353d000 ---p 00000000 00:00 0 
7f176353d000-7f176353f000 rw-p 00000000 00:00 0 
7f176353f000-7f1763540000 r--p 00025000 08:05 2101872                    /lib/x86_64-linux-gnu/ld-2.23.so
7f1763540000-7f1763541000 rw-p 00026000 08:05 2101872                    /lib/x86_64-linux-gnu/ld-2.23.so
7f1763541000-7f1763542000 rw-p 00000000 00:00 0 
7ffe4f718000-7ffe4f739000 rw-p 00000000 00:00 0                          [stack]
7ffe4f759000-7ffe4f75b000 r--p 00000000 00:00 0                          [vvar]
7ffe4f75b000-7ffe4f75d000 r-xp 00000000 00:00 0                          [vdso]
ffffffffff600000-ffffffffff601000 r-xp 00000000 00:00 0                  [vsyscall]

VM Arguments:
jvm_args: -Xmx1536m -Dfile.encoding=UTF-8 -Duser.country=ZA -Duser.language=en -Duser.variant 
java_command: org.gradle.launcher.daemon.bootstrap.GradleDaemon 2.14.1
java_class_path (initial): /home/itadmin/.gradle/wrapper/dists/gradle-2.14.1-all/8bnwg5hd3w55iofp58khbp6yv/gradle-2.14.1/lib/gradle-launcher-2.14.1.jar
Launcher Type: SUN_STANDARD

Environment Variables:
JAVA_HOME=/usr/lib/jvm/java-8-oracle
PATH=/usr/local/heroku/bin:/usr/local/sbin:/usr/local/bin:/usr/sbin:/usr/bin:/sbin:/bin:/usr/games:/usr/local/games:/snap/bin:/usr/lib/jvm/java-8-oracle/bin:/usr/lib/jvm/java-8-oracle/db/bin:/usr/lib/jvm/java-8-oracle/jre/bin
SHELL=/bin/bash
DISPLAY=:0

Signal Handlers:
SIGSEGV: [libjvm.so+0xac64b0], sa_mask[0]=11111111011111111101111111111110, sa_flags=SA_RESTART|SA_SIGINFO
SIGBUS: [libjvm.so+0xac64b0], sa_mask[0]=11111111011111111101111111111110, sa_flags=SA_RESTART|SA_SIGINFO
SIGFPE: [libjvm.so+0x91f950], sa_mask[0]=11111111011111111101111111111110, sa_flags=SA_RESTART|SA_SIGINFO
SIGPIPE: [libjvm.so+0x91f950], sa_mask[0]=11111111011111111101111111111110, sa_flags=SA_RESTART|SA_SIGINFO
SIGXFSZ: [libjvm.so+0x91f950], sa_mask[0]=11111111011111111101111111111110, sa_flags=SA_RESTART|SA_SIGINFO
SIGILL: [libjvm.so+0x91f950], sa_mask[0]=11111111011111111101111111111110, sa_flags=SA_RESTART|SA_SIGINFO
SIGUSR1: SIG_DFL, sa_mask[0]=00000000000000000000000000000000, sa_flags=none
SIGUSR2: [libjvm.so+0x920f80], sa_mask[0]=00100000000000000000000000000000, sa_flags=SA_RESTART|SA_SIGINFO
SIGHUP: [libjvm.so+0x922380], sa_mask[0]=11111111011111111101111111111110, sa_flags=SA_RESTART|SA_SIGINFO
SIGINT: [libjvm.so+0x922380], sa_mask[0]=11111111011111111101111111111110, sa_flags=SA_RESTART|SA_SIGINFO
SIGTERM: [libjvm.so+0x922380], sa_mask[0]=11111111011111111101111111111110, sa_flags=SA_RESTART|SA_SIGINFO
SIGQUIT: [libjvm.so+0x922380], sa_mask[0]=11111111011111111101111111111110, sa_flags=SA_RESTART|SA_SIGINFO


---------------  S Y S T E M  ---------------

OS:DISTRIB_ID=Ubuntu
DISTRIB_RELEASE=16.04
DISTRIB_CODENAME=xenial
DISTRIB_DESCRIPTION="Ubuntu 16.04.1 LTS"

uname:Linux 4.4.0-47-generic #68-Ubuntu SMP Wed Oct 26 19:39:52 UTC 2016 x86_64
libc:glibc 2.23 NPTL 2.23 
rlimit: STACK 8192k, CORE 0k, NPROC 15511, NOFILE 65536, AS infinity
load average:4.06 1.88 1.48

/proc/meminfo:
MemTotal:        4011160 kB
MemFree:          110328 kB
MemAvailable:      38320 kB
Buffers:            2272 kB
Cached:           399212 kB
SwapCached:            0 kB
Active:          3363472 kB
Inactive:         360188 kB
Active(anon):    3342304 kB
Inactive(anon):   336688 kB
Active(file):      21168 kB
Inactive(file):    23500 kB
Unevictable:         284 kB
Mlocked:             284 kB
SwapTotal:             0 kB
SwapFree:              0 kB
Dirty:               568 kB
Writeback:            12 kB
AnonPages:       3322692 kB
Mapped:            91388 kB
Shmem:            356584 kB
Slab:              85648 kB
SReclaimable:      48492 kB
SUnreclaim:        37156 kB
KernelStack:       10944 kB
PageTables:        48072 kB
NFS_Unstable:          0 kB
Bounce:                0 kB
WritebackTmp:          0 kB
CommitLimit:     2005580 kB
Committed_AS:    8500656 kB
VmallocTotal:   34359738367 kB
VmallocUsed:           0 kB
VmallocChunk:          0 kB
HardwareCorrupted:     0 kB
AnonHugePages:    956416 kB
CmaTotal:              0 kB
CmaFree:               0 kB
HugePages_Total:       0
HugePages_Free:        0
HugePages_Rsvd:        0
HugePages_Surp:        0
Hugepagesize:       2048 kB
DirectMap4k:      149056 kB
DirectMap2M:     4009984 kB


CPU:total 2 (2 cores per cpu, 1 threads per core) family 6 model 23 stepping 10, cmov, cx8, fxsr, mmx, sse, sse2, sse3, ssse3, tsc

/proc/cpuinfo:
processor	: 0
vendor_id	: GenuineIntel
cpu family	: 6
model		: 23
model name	: Pentium(R) Dual-Core  CPU      E5500  @ 2.80GHz
stepping	: 10
microcode	: 0xa0b
cpu MHz		: 2803.000
cache size	: 2048 KB
physical id	: 0
siblings	: 2
core id		: 0
cpu cores	: 2
apicid		: 0
initial apicid	: 0
fpu		: yes
fpu_exception	: yes
cpuid level	: 13
wp		: yes
flags		: fpu vme de pse tsc msr pae mce cx8 apic sep mtrr pge mca cmov pat pse36 clflush dts acpi mmx fxsr sse sse2 ss ht tm pbe syscall nx lm constant_tsc arch_perfmon pebs bts rep_good nopl aperfmperf pni dtes64 monitor ds_cpl vmx est tm2 ssse3 cx16 xtpr pdcm xsave lahf_lm tpr_shadow vnmi flexpriority dtherm
bugs		:
bogomips	: 5585.67
clflush size	: 64
cache_alignment	: 64
address sizes	: 36 bits physical, 48 bits virtual
power management:

processor	: 1
vendor_id	: GenuineIntel
cpu family	: 6
model		: 23
model name	: Pentium(R) Dual-Core  CPU      E5500  @ 2.80GHz
stepping	: 10
microcode	: 0xa0b
cpu MHz		: 2803.000
cache size	: 2048 KB
physical id	: 0
siblings	: 2
core id		: 1
cpu cores	: 2
apicid		: 1
initial apicid	: 1
fpu		: yes
fpu_exception	: yes
cpuid level	: 13
wp		: yes
flags		: fpu vme de pse tsc msr pae mce cx8 apic sep mtrr pge mca cmov pat pse36 clflush dts acpi mmx fxsr sse sse2 ss ht tm pbe syscall nx lm constant_tsc arch_perfmon pebs bts rep_good nopl aperfmperf pni dtes64 monitor ds_cpl vmx est tm2 ssse3 cx16 xtpr pdcm xsave lahf_lm tpr_shadow vnmi flexpriority dtherm
bugs		:
bogomips	: 5585.67
clflush size	: 64
cache_alignment	: 64
address sizes	: 36 bits physical, 48 bits virtual
power management:



Memory: 4k page, physical 4011160k(110328k free), swap 0k(0k free)

vm_info: Java HotSpot(TM) 64-Bit Server VM (25.111-b14) for linux-amd64 JRE (1.8.0_111-b14), built on Sep 22 2016 16:14:03 by "java_re" with gcc 4.3.0 20080428 (Red Hat 4.3.0-8)

time: Wed Nov 16 07:47:53 2016
elapsed time: 170 seconds (0d 0h 2m 50s)

